[0.031s] Invoking command in '/home/yurs/ros2_ws/build/cpp_pubsub': CMAKE_PREFIX_PATH=${CMAKE_PREFIX_PATH}:/opt/ros/humble /usr/bin/cmake --build /home/yurs/ros2_ws/build/cpp_pubsub -- -j8 -l8
[0.049s] -- Found ament_cmake: 1.3.7 (/opt/ros/humble/share/ament_cmake/cmake)
[0.091s] -- Found Python3: /usr/bin/python3.10 (found version "3.10.12") found components: Interpreter 
[0.134s] -- Found rclcpp: 16.0.8 (/opt/ros/humble/share/rclcpp/cmake)
[0.153s] -- Found rosidl_generator_c: 3.1.5 (/opt/ros/humble/share/rosidl_generator_c/cmake)
[0.155s] -- Found rosidl_adapter: 3.1.5 (/opt/ros/humble/share/rosidl_adapter/cmake)
[0.159s] -- Found rosidl_generator_cpp: 3.1.5 (/opt/ros/humble/share/rosidl_generator_cpp/cmake)
[0.167s] -- Using all available rosidl_typesupport_c: rosidl_typesupport_fastrtps_c;rosidl_typesupport_introspection_c
[0.180s] -- Using all available rosidl_typesupport_cpp: rosidl_typesupport_fastrtps_cpp;rosidl_typesupport_introspection_cpp
[0.220s] -- Found rmw_implementation_cmake: 6.1.1 (/opt/ros/humble/share/rmw_implementation_cmake/cmake)
[0.221s] -- Found rmw_fastrtps_cpp: 6.2.6 (/opt/ros/humble/share/rmw_fastrtps_cpp/cmake)
[0.317s] -- Using RMW implementation 'rmw_fastrtps_cpp' as default
[0.421s] -- pinocchio FOUND. pinocchio at /opt/ros/humble/lib/x86_64-linux-gnu/libpinocchio.so
[0.421s] -- boost_filesystem FOUND. boost_filesystem at /lib/x86_64-linux-gnu/libboost_filesystem.so
[0.421s] -- boost_serialization FOUND. boost_serialization at /lib/x86_64-linux-gnu/libboost_serialization.so
[0.421s] -- boost_system FOUND. boost_system at /lib/x86_64-linux-gnu/libboost_system.so
[0.426s] -- Found Boost: /usr/include (found version "1.74.0") found components: filesystem serialization system 
[0.427s] -- eigenpy FOUND. eigenpy at /opt/ros/humble/lib/x86_64-linux-gnu/libeigenpy.so
[0.624s] -- Found Python3: /usr/bin/python3.10 (found version "3.10.12") found components: Interpreter Development.Module NumPy 
[0.624s] -- PythonLibraryDirs: 
[0.625s] -- PythonLibVersionString: 3.10.12
[0.641s] -- Python site lib: lib/python3.10/dist-packages
[0.641s] -- Python include dirs: /usr/include/python3.10
[0.662s] -- Checking for NumPy
[0.739s] --   NUMPY_INCLUDE_DIRS=/usr/lib/python3/dist-packages/numpy/core/include
[0.807s] --   NUMPY_VERSION=1.21.5
[0.807s] -- NumPy include dir: /usr/lib/python3/dist-packages/numpy/core/include
[0.810s] [33mCMake Warning at /usr/share/cmake-3.22/Modules/FindBoost.cmake:2201 (message):
[0.810s]   No header defined for python310; skipping header check (note: header-only
[0.810s]   libraries have no designated component)
[0.810s] Call Stack (most recent call first):
[0.810s]   /opt/ros/humble/lib/x86_64-linux-gnu/cmake/eigenpy/boost.cmake:144 (find_package)
[0.810s]   /opt/ros/humble/lib/x86_64-linux-gnu/cmake/eigenpy/eigenpyConfig.cmake:149 (SEARCH_FOR_BOOST_PYTHON)
[0.810s]   /usr/share/cmake-3.22/Modules/CMakeFindDependencyMacro.cmake:47 (find_package)
[0.810s]   /opt/ros/humble/lib/x86_64-linux-gnu/cmake/pinocchio/pinocchioConfig.cmake:160 (find_dependency)
[0.810s]   CMakeLists.txt:12 (find_package)
[0.811s] 
[0.811s] [0m
[0.811s] -- Found Boost: /usr/include (found version "1.74.0") found components: python310 
[0.811s] -- Boost_PYTHON_LIBRARY: /usr/lib/x86_64-linux-gnu/libboost_python310.so
[1.026s] -- Default C++ standard: 201703
[1.026s] -- C++ standard sufficient: Minimal required 11, currently defined: 17
[1.026s] -- CMAKE_CXX_STANDARD was not set: automatically set to currently defined standard 17
[1.027s] -- hpp-fcl FOUND. hpp-fcl at /opt/ros/humble/lib/x86_64-linux-gnu/libhpp-fcl.so
[1.032s] -- Found Boost: /usr/include (found version "1.74.0") found components: chrono serialization 
[1.033s] -- C++ standard sufficient: Minimal required 11, currently defined: 17
[1.034s] -- C++ standard sufficient: Minimal required 11, currently defined: 17
[1.034s] [31mCMake Error at CMakeLists.txt:17 (target_link_libraries):
[1.034s]   Cannot specify link libraries for target "cpp_pubsub" which is not built by
[1.034s]   this project.
[1.034s] 
[1.034s] [0m
[1.034s] -- Configuring incomplete, errors occurred!
[1.034s] See also "/home/yurs/ros2_ws/build/cpp_pubsub/CMakeFiles/CMakeOutput.log".
[1.039s] gmake: *** [Makefile:308: cmake_check_build_system] Error 1
[1.041s] Invoked command in '/home/yurs/ros2_ws/build/cpp_pubsub' returned '2': CMAKE_PREFIX_PATH=${CMAKE_PREFIX_PATH}:/opt/ros/humble /usr/bin/cmake --build /home/yurs/ros2_ws/build/cpp_pubsub -- -j8 -l8
