[33mCMake Warning at /usr/share/cmake-3.22/Modules/FindBoost.cmake:2201 (message):
  No header defined for python310; skipping header check (note: header-only
  libraries have no designated component)
Call Stack (most recent call first):
  /opt/ros/humble/lib/x86_64-linux-gnu/cmake/eigenpy/boost.cmake:144 (find_package)
  /opt/ros/humble/lib/x86_64-linux-gnu/cmake/eigenpy/eigenpyConfig.cmake:149 (SEARCH_FOR_BOOST_PYTHON)
  /usr/share/cmake-3.22/Modules/CMakeFindDependencyMacro.cmake:47 (find_package)
  /opt/ros/humble/lib/x86_64-linux-gnu/cmake/pinocchio/pinocchioConfig.cmake:160 (find_dependency)
  CMakeLists.txt:12 (find_package)

[0m
[31mCMake Error at CMakeLists.txt:15 (find_package):
  By not providing "FindPython310.cmake" in CMAKE_MODULE_PATH this project
  has asked CMake to find a package configuration file provided by
  "Python310", but CMake did not find one.

  Could not find a package configuration file provided by "Python310" with
  any of the following names:

    Python310Config.cmake
    python310-config.cmake

  Add the installation prefix of "Python310" to CMAKE_PREFIX_PATH or set
  "Python310_DIR" to a directory containing one of the above files.  If
  "Python310" provides a separate development package or SDK, be sure it has
  been installed.

[0m
gmake: *** [Makefile:308: cmake_check_build_system] Error 1
