[0.031s] Invoking command in '/home/yurs/ros2_ws/build/cpp_pubsub': CMAKE_PREFIX_PATH=${CMAKE_PREFIX_PATH}:/opt/ros/humble /usr/bin/cmake --build /home/yurs/ros2_ws/build/cpp_pubsub -- -j8 -l8
[0.050s] -- Found ament_cmake: 1.3.7 (/opt/ros/humble/share/ament_cmake/cmake)
[0.135s] -- Found rclcpp: 16.0.8 (/opt/ros/humble/share/rclcpp/cmake)
[0.153s] -- Found rosidl_generator_c: 3.1.5 (/opt/ros/humble/share/rosidl_generator_c/cmake)
[0.154s] -- Found rosidl_adapter: 3.1.5 (/opt/ros/humble/share/rosidl_adapter/cmake)
[0.158s] -- Found rosidl_generator_cpp: 3.1.5 (/opt/ros/humble/share/rosidl_generator_cpp/cmake)
[0.165s] -- Using all available rosidl_typesupport_c: rosidl_typesupport_fastrtps_c;rosidl_typesupport_introspection_c
[0.174s] -- Using all available rosidl_typesupport_cpp: rosidl_typesupport_fastrtps_cpp;rosidl_typesupport_introspection_cpp
[0.210s] -- Found rmw_implementation_cmake: 6.1.1 (/opt/ros/humble/share/rmw_implementation_cmake/cmake)
[0.211s] -- Found rmw_fastrtps_cpp: 6.2.6 (/opt/ros/humble/share/rmw_fastrtps_cpp/cmake)
[0.307s] -- Using RMW implementation 'rmw_fastrtps_cpp' as default
[0.409s] -- pinocchio FOUND. pinocchio at /opt/ros/humble/lib/x86_64-linux-gnu/libpinocchio.so
[0.409s] -- boost_filesystem FOUND. boost_filesystem at /lib/x86_64-linux-gnu/libboost_filesystem.so
[0.409s] -- boost_serialization FOUND. boost_serialization at /lib/x86_64-linux-gnu/libboost_serialization.so
[0.409s] -- boost_system FOUND. boost_system at /lib/x86_64-linux-gnu/libboost_system.so
[0.459s] -- Found Boost: /usr/include (found version "1.74.0") found components: filesystem serialization system 
[0.460s] -- eigenpy FOUND. eigenpy at /opt/ros/humble/lib/x86_64-linux-gnu/libeigenpy.so
[0.684s] -- Found Python3: /usr/bin/python3.10 (found version "3.10.12") found components: Interpreter Development.Module NumPy 
[0.685s] -- PythonLibraryDirs: 
[0.685s] -- PythonLibVersionString: 3.10.12
[0.703s] -- Python site lib: lib/python3.10/dist-packages
[0.703s] -- Python include dirs: /usr/include/python3.10
[0.722s] -- Checking for NumPy
[0.788s] --   NUMPY_INCLUDE_DIRS=/usr/lib/python3/dist-packages/numpy/core/include
[0.856s] --   NUMPY_VERSION=1.21.5
[0.856s] -- NumPy include dir: /usr/lib/python3/dist-packages/numpy/core/include
[0.859s] [33mCMake Warning at /usr/share/cmake-3.22/Modules/FindBoost.cmake:2201 (message):
[0.859s]   No header defined for python310; skipping header check (note: header-only
[0.859s]   libraries have no designated component)
[0.859s] Call Stack (most recent call first):
[0.859s]   /opt/ros/humble/lib/x86_64-linux-gnu/cmake/eigenpy/boost.cmake:144 (find_package)
[0.859s]   /opt/ros/humble/lib/x86_64-linux-gnu/cmake/eigenpy/eigenpyConfig.cmake:149 (SEARCH_FOR_BOOST_PYTHON)
[0.859s]   /usr/share/cmake-3.22/Modules/CMakeFindDependencyMacro.cmake:47 (find_package)
[0.859s]   /opt/ros/humble/lib/x86_64-linux-gnu/cmake/pinocchio/pinocchioConfig.cmake:160 (find_dependency)
[0.859s]   CMakeLists.txt:12 (find_package)
[0.860s] 
[0.860s] [0m
[0.860s] -- Found Boost: /usr/include (found version "1.74.0") found components: python310 
[0.860s] -- Boost_PYTHON_LIBRARY: /usr/lib/x86_64-linux-gnu/libboost_python310.so
[1.063s] -- Default C++ standard: 201703
[1.063s] -- Minimal C++ standard upgraded to 11
[1.063s] -- C++ standard sufficient: Minimal required 11, currently defined: 17
[1.063s] -- CMAKE_CXX_STANDARD was not set: automatically set to currently defined standard 17
[1.064s] -- hpp-fcl FOUND. hpp-fcl at /opt/ros/humble/lib/x86_64-linux-gnu/libhpp-fcl.so
[1.070s] -- Found Boost: /usr/include (found version "1.74.0") found components: chrono serialization 
[1.072s] -- C++ standard sufficient: Minimal required 11, currently defined: 17
[1.073s] -- C++ standard sufficient: Minimal required 11, currently defined: 17
[1.074s] [31mCMake Error at CMakeLists.txt:17 (target_link_libraries):
[1.074s]   Cannot specify link libraries for target "cpp_pubsub" which is not built by
[1.074s]   this project.
[1.074s] 
[1.074s] [0m
[1.074s] -- Configuring incomplete, errors occurred!
[1.074s] See also "/home/yurs/ros2_ws/build/cpp_pubsub/CMakeFiles/CMakeOutput.log".
[1.078s] gmake: *** [Makefile:308: cmake_check_build_system] Error 1
[1.080s] Invoked command in '/home/yurs/ros2_ws/build/cpp_pubsub' returned '2': CMAKE_PREFIX_PATH=${CMAKE_PREFIX_PATH}:/opt/ros/humble /usr/bin/cmake --build /home/yurs/ros2_ws/build/cpp_pubsub -- -j8 -l8
