[0.030s] Invoking command in '/home/yurs/ros2_ws/build/cpp_pubsub': CMAKE_PREFIX_PATH=${CMAKE_PREFIX_PATH}:/opt/ros/humble /usr/bin/cmake /home/yurs/ros2_ws/src/cpp_pubsub -DCMAKE_INSTALL_PREFIX=/home/yurs/ros2_ws/install/cpp_pubsub
[0.039s] -- Found ament_cmake: 1.3.7 (/opt/ros/humble/share/ament_cmake/cmake)
[0.124s] -- Found rclcpp: 16.0.8 (/opt/ros/humble/share/rclcpp/cmake)
[0.142s] -- Found rosidl_generator_c: 3.1.5 (/opt/ros/humble/share/rosidl_generator_c/cmake)
[0.144s] -- Found rosidl_adapter: 3.1.5 (/opt/ros/humble/share/rosidl_adapter/cmake)
[0.148s] -- Found rosidl_generator_cpp: 3.1.5 (/opt/ros/humble/share/rosidl_generator_cpp/cmake)
[0.155s] -- Using all available rosidl_typesupport_c: rosidl_typesupport_fastrtps_c;rosidl_typesupport_introspection_c
[0.165s] -- Using all available rosidl_typesupport_cpp: rosidl_typesupport_fastrtps_cpp;rosidl_typesupport_introspection_cpp
[0.202s] -- Found rmw_implementation_cmake: 6.1.1 (/opt/ros/humble/share/rmw_implementation_cmake/cmake)
[0.203s] -- Found rmw_fastrtps_cpp: 6.2.6 (/opt/ros/humble/share/rmw_fastrtps_cpp/cmake)
[0.297s] -- Using RMW implementation 'rmw_fastrtps_cpp' as default
[0.392s] -- Found ament_lint_auto: 0.12.10 (/opt/ros/humble/share/ament_lint_auto/cmake)
[0.435s] -- Added test 'cppcheck' to perform static code analysis on C / C++ code
[0.436s] -- Configured cppcheck include dirs: 
[0.436s] -- Configured cppcheck exclude dirs and/or files: 
[0.436s] -- Added test 'lint_cmake' to check CMake code style
[0.437s] -- Added test 'uncrustify' to check C / C++ code style
[0.437s] -- Configured uncrustify additional arguments: 
[0.437s] -- Added test 'xmllint' to check XML markup files
[0.437s] -- Configuring done
[0.445s] -- Generating done
[0.446s] -- Build files have been written to: /home/yurs/ros2_ws/build/cpp_pubsub
[0.451s] Invoked command in '/home/yurs/ros2_ws/build/cpp_pubsub' returned '0': CMAKE_PREFIX_PATH=${CMAKE_PREFIX_PATH}:/opt/ros/humble /usr/bin/cmake /home/yurs/ros2_ws/src/cpp_pubsub -DCMAKE_INSTALL_PREFIX=/home/yurs/ros2_ws/install/cpp_pubsub
[0.452s] Invoking command in '/home/yurs/ros2_ws/build/cpp_pubsub': CMAKE_PREFIX_PATH=${CMAKE_PREFIX_PATH}:/opt/ros/humble /usr/bin/cmake --build /home/yurs/ros2_ws/build/cpp_pubsub -- -j8 -l8
[0.486s] [ 50%] [32mBuilding CXX object CMakeFiles/listener.dir/src/subscriber_member_function.cpp.o[0m
[0.486s] [ 50%] [32mBuilding CXX object CMakeFiles/talker.dir/src/publisher_member_function.cpp.o[0m
[3.335s] [ 75%] [32m[1mLinking CXX executable talker[0m
[3.462s] [ 75%] Built target talker
[5.694s] [100%] [32m[1mLinking CXX executable listener[0m
[5.939s] [100%] Built target listener
[5.947s] Invoked command in '/home/yurs/ros2_ws/build/cpp_pubsub' returned '0': CMAKE_PREFIX_PATH=${CMAKE_PREFIX_PATH}:/opt/ros/humble /usr/bin/cmake --build /home/yurs/ros2_ws/build/cpp_pubsub -- -j8 -l8
[5.972s] Invoking command in '/home/yurs/ros2_ws/build/cpp_pubsub': CMAKE_PREFIX_PATH=${CMAKE_PREFIX_PATH}:/opt/ros/humble /usr/bin/cmake --install /home/yurs/ros2_ws/build/cpp_pubsub
[5.977s] -- Install configuration: ""
[5.977s] -- Installing: /home/yurs/ros2_ws/install/cpp_pubsub/lib/cpp_pubsub/talker
[5.978s] -- Set runtime path of "/home/yurs/ros2_ws/install/cpp_pubsub/lib/cpp_pubsub/talker" to ""
[5.978s] -- Installing: /home/yurs/ros2_ws/install/cpp_pubsub/lib/cpp_pubsub/listener
[5.981s] -- Set runtime path of "/home/yurs/ros2_ws/install/cpp_pubsub/lib/cpp_pubsub/listener" to ""
[5.981s] -- Installing: /home/yurs/ros2_ws/install/cpp_pubsub/share/ament_index/resource_index/package_run_dependencies/cpp_pubsub
[5.981s] -- Installing: /home/yurs/ros2_ws/install/cpp_pubsub/share/ament_index/resource_index/parent_prefix_path/cpp_pubsub
[5.981s] -- Installing: /home/yurs/ros2_ws/install/cpp_pubsub/share/cpp_pubsub/environment/ament_prefix_path.sh
[5.981s] -- Installing: /home/yurs/ros2_ws/install/cpp_pubsub/share/cpp_pubsub/environment/ament_prefix_path.dsv
[5.981s] -- Installing: /home/yurs/ros2_ws/install/cpp_pubsub/share/cpp_pubsub/environment/path.sh
[5.981s] -- Installing: /home/yurs/ros2_ws/install/cpp_pubsub/share/cpp_pubsub/environment/path.dsv
[5.982s] -- Installing: /home/yurs/ros2_ws/install/cpp_pubsub/share/cpp_pubsub/local_setup.bash
[5.982s] -- Installing: /home/yurs/ros2_ws/install/cpp_pubsub/share/cpp_pubsub/local_setup.sh
[5.982s] -- Installing: /home/yurs/ros2_ws/install/cpp_pubsub/share/cpp_pubsub/local_setup.zsh
[5.982s] -- Installing: /home/yurs/ros2_ws/install/cpp_pubsub/share/cpp_pubsub/local_setup.dsv
[5.982s] -- Installing: /home/yurs/ros2_ws/install/cpp_pubsub/share/cpp_pubsub/package.dsv
[5.982s] -- Installing: /home/yurs/ros2_ws/install/cpp_pubsub/share/ament_index/resource_index/packages/cpp_pubsub
[5.982s] -- Installing: /home/yurs/ros2_ws/install/cpp_pubsub/share/cpp_pubsub/cmake/cpp_pubsubConfig.cmake
[5.982s] -- Installing: /home/yurs/ros2_ws/install/cpp_pubsub/share/cpp_pubsub/cmake/cpp_pubsubConfig-version.cmake
[5.982s] -- Installing: /home/yurs/ros2_ws/install/cpp_pubsub/share/cpp_pubsub/package.xml
[5.984s] Invoked command in '/home/yurs/ros2_ws/build/cpp_pubsub' returned '0': CMAKE_PREFIX_PATH=${CMAKE_PREFIX_PATH}:/opt/ros/humble /usr/bin/cmake --install /home/yurs/ros2_ws/build/cpp_pubsub
