[0.031s] Invoking command in '/home/yurs/ros2_ws/build/cpp_pubsub': CMAKE_PREFIX_PATH=${CMAKE_PREFIX_PATH}:/opt/ros/humble /usr/bin/cmake --build /home/yurs/ros2_ws/build/cpp_pubsub -- -j8 -l8
[0.049s] -- Found ament_cmake: 1.3.7 (/opt/ros/humble/share/ament_cmake/cmake)
[0.090s] -- Found Python3: /usr/bin/python3.10 (found version "3.10.12") found components: Interpreter 
[0.136s] -- Found rclcpp: 16.0.8 (/opt/ros/humble/share/rclcpp/cmake)
[0.155s] -- Found rosidl_generator_c: 3.1.5 (/opt/ros/humble/share/rosidl_generator_c/cmake)
[0.156s] -- Found rosidl_adapter: 3.1.5 (/opt/ros/humble/share/rosidl_adapter/cmake)
[0.160s] -- Found rosidl_generator_cpp: 3.1.5 (/opt/ros/humble/share/rosidl_generator_cpp/cmake)
[0.167s] -- Using all available rosidl_typesupport_c: rosidl_typesupport_fastrtps_c;rosidl_typesupport_introspection_c
[0.176s] -- Using all available rosidl_typesupport_cpp: rosidl_typesupport_fastrtps_cpp;rosidl_typesupport_introspection_cpp
[0.211s] -- Found rmw_implementation_cmake: 6.1.1 (/opt/ros/humble/share/rmw_implementation_cmake/cmake)
[0.211s] -- Found rmw_fastrtps_cpp: 6.2.6 (/opt/ros/humble/share/rmw_fastrtps_cpp/cmake)
[0.305s] -- Using RMW implementation 'rmw_fastrtps_cpp' as default
[0.406s] -- pinocchio FOUND. pinocchio at /opt/ros/humble/lib/x86_64-linux-gnu/libpinocchio.so
[0.406s] -- boost_filesystem FOUND. boost_filesystem at /lib/x86_64-linux-gnu/libboost_filesystem.so
[0.406s] -- boost_serialization FOUND. boost_serialization at /lib/x86_64-linux-gnu/libboost_serialization.so
[0.406s] -- boost_system FOUND. boost_system at /lib/x86_64-linux-gnu/libboost_system.so
[0.412s] -- Found Boost: /usr/include (found version "1.74.0") found components: filesystem serialization system 
[0.413s] -- eigenpy FOUND. eigenpy at /opt/ros/humble/lib/x86_64-linux-gnu/libeigenpy.so
[0.606s] -- Found Python3: /usr/bin/python3.10 (found version "3.10.12") found components: Interpreter Development.Module NumPy 
[0.607s] -- PythonLibraryDirs: 
[0.607s] -- PythonLibVersionString: 3.10.12
[0.623s] -- Python site lib: lib/python3.10/dist-packages
[0.623s] -- Python include dirs: /usr/include/python3.10
[0.647s] -- Checking for NumPy
[0.715s] --   NUMPY_INCLUDE_DIRS=/usr/lib/python3/dist-packages/numpy/core/include
[0.782s] --   NUMPY_VERSION=1.21.5
[0.782s] -- NumPy include dir: /usr/lib/python3/dist-packages/numpy/core/include
[0.785s] [33mCMake Warning at /usr/share/cmake-3.22/Modules/FindBoost.cmake:2201 (message):
[0.785s]   No header defined for python310; skipping header check (note: header-only
[0.785s]   libraries have no designated component)
[0.785s] Call Stack (most recent call first):
[0.785s]   /opt/ros/humble/lib/x86_64-linux-gnu/cmake/eigenpy/boost.cmake:144 (find_package)
[0.785s]   /opt/ros/humble/lib/x86_64-linux-gnu/cmake/eigenpy/eigenpyConfig.cmake:149 (SEARCH_FOR_BOOST_PYTHON)
[0.785s]   /usr/share/cmake-3.22/Modules/CMakeFindDependencyMacro.cmake:47 (find_package)
[0.785s]   /opt/ros/humble/lib/x86_64-linux-gnu/cmake/pinocchio/pinocchioConfig.cmake:160 (find_dependency)
[0.785s]   CMakeLists.txt:12 (find_package)
[0.785s] 
[0.785s] [0m
[0.786s] -- Found Boost: /usr/include (found version "1.74.0") found components: python310 
[0.786s] -- Boost_PYTHON_LIBRARY: /usr/lib/x86_64-linux-gnu/libboost_python310.so
[0.986s] -- Default C++ standard: 201703
[0.987s] -- C++ standard sufficient: Minimal required 11, currently defined: 17
[0.987s] -- CMAKE_CXX_STANDARD was not set: automatically set to currently defined standard 17
[0.987s] -- hpp-fcl FOUND. hpp-fcl at /opt/ros/humble/lib/x86_64-linux-gnu/libhpp-fcl.so
[0.992s] -- Found Boost: /usr/include (found version "1.74.0") found components: chrono serialization 
[0.993s] -- C++ standard sufficient: Minimal required 11, currently defined: 17
[0.993s] -- C++ standard sufficient: Minimal required 11, currently defined: 17
[0.994s] -- Found ament_lint_auto: 0.12.10 (/opt/ros/humble/share/ament_lint_auto/cmake)
[1.040s] -- Added test 'cppcheck' to perform static code analysis on C / C++ code
[1.040s] -- Configured cppcheck include dirs: 
[1.040s] -- Configured cppcheck exclude dirs and/or files: 
[1.041s] -- Added test 'lint_cmake' to check CMake code style
[1.042s] -- Added test 'uncrustify' to check C / C++ code style
[1.042s] -- Configured uncrustify additional arguments: 
[1.042s] -- Added test 'xmllint' to check XML markup files
[1.043s] -- Configuring done
[1.053s] -- Generating done
[1.055s] -- Build files have been written to: /home/yurs/ros2_ws/build/cpp_pubsub
[1.074s] [35m[1mConsolidate compiler generated dependencies of target listener[0m
[1.075s] [35m[1mConsolidate compiler generated dependencies of target talker[0m
[1.087s] [ 50%] Built target listener
[1.111s] [100%] Built target talker
[1.119s] Invoked command in '/home/yurs/ros2_ws/build/cpp_pubsub' returned '0': CMAKE_PREFIX_PATH=${CMAKE_PREFIX_PATH}:/opt/ros/humble /usr/bin/cmake --build /home/yurs/ros2_ws/build/cpp_pubsub -- -j8 -l8
[1.144s] Invoking command in '/home/yurs/ros2_ws/build/cpp_pubsub': CMAKE_PREFIX_PATH=${CMAKE_PREFIX_PATH}:/opt/ros/humble /usr/bin/cmake --install /home/yurs/ros2_ws/build/cpp_pubsub
[1.149s] -- Install configuration: ""
[1.150s] -- Up-to-date: /home/yurs/ros2_ws/install/cpp_pubsub/lib/cpp_pubsub/talker
[1.150s] -- Up-to-date: /home/yurs/ros2_ws/install/cpp_pubsub/lib/cpp_pubsub/listener
[1.150s] -- Up-to-date: /home/yurs/ros2_ws/install/cpp_pubsub/share/ament_index/resource_index/package_run_dependencies/cpp_pubsub
[1.150s] -- Up-to-date: /home/yurs/ros2_ws/install/cpp_pubsub/share/ament_index/resource_index/parent_prefix_path/cpp_pubsub
[1.150s] -- Up-to-date: /home/yurs/ros2_ws/install/cpp_pubsub/share/cpp_pubsub/environment/ament_prefix_path.sh
[1.150s] -- Installing: /home/yurs/ros2_ws/install/cpp_pubsub/share/cpp_pubsub/environment/ament_prefix_path.dsv
[1.150s] -- Up-to-date: /home/yurs/ros2_ws/install/cpp_pubsub/share/cpp_pubsub/environment/path.sh
[1.150s] -- Installing: /home/yurs/ros2_ws/install/cpp_pubsub/share/cpp_pubsub/environment/path.dsv
[1.151s] -- Up-to-date: /home/yurs/ros2_ws/install/cpp_pubsub/share/cpp_pubsub/local_setup.bash
[1.151s] -- Up-to-date: /home/yurs/ros2_ws/install/cpp_pubsub/share/cpp_pubsub/local_setup.sh
[1.151s] -- Up-to-date: /home/yurs/ros2_ws/install/cpp_pubsub/share/cpp_pubsub/local_setup.zsh
[1.151s] -- Installing: /home/yurs/ros2_ws/install/cpp_pubsub/share/cpp_pubsub/local_setup.dsv
[1.151s] -- Installing: /home/yurs/ros2_ws/install/cpp_pubsub/share/cpp_pubsub/package.dsv
[1.151s] -- Up-to-date: /home/yurs/ros2_ws/install/cpp_pubsub/share/ament_index/resource_index/packages/cpp_pubsub
[1.151s] -- Up-to-date: /home/yurs/ros2_ws/install/cpp_pubsub/share/cpp_pubsub/cmake/cpp_pubsubConfig.cmake
[1.151s] -- Up-to-date: /home/yurs/ros2_ws/install/cpp_pubsub/share/cpp_pubsub/cmake/cpp_pubsubConfig-version.cmake
[1.151s] -- Up-to-date: /home/yurs/ros2_ws/install/cpp_pubsub/share/cpp_pubsub/package.xml
[1.153s] Invoked command in '/home/yurs/ros2_ws/build/cpp_pubsub' returned '0': CMAKE_PREFIX_PATH=${CMAKE_PREFIX_PATH}:/opt/ros/humble /usr/bin/cmake --install /home/yurs/ros2_ws/build/cpp_pubsub
