[0.050s] Invoking command in '/home/yurs/ros2_ws/build/cpp_pubsub': CMAKE_PREFIX_PATH=/opt/ros/humble /usr/bin/cmake --build /home/yurs/ros2_ws/build/cpp_pubsub -- -j8 -l8
[0.070s] -- Found ament_cmake: 1.3.7 (/opt/ros/humble/share/ament_cmake/cmake)
[0.138s] -- Found Python3: /usr/bin/python3.10 (found version "3.10.12") found components: Interpreter 
[0.203s] -- Found rclcpp: 16.0.8 (/opt/ros/humble/share/rclcpp/cmake)
[0.225s] -- Found rosidl_generator_c: 3.1.5 (/opt/ros/humble/share/rosidl_generator_c/cmake)
[0.227s] -- Found rosidl_adapter: 3.1.5 (/opt/ros/humble/share/rosidl_adapter/cmake)
[0.231s] -- Found rosidl_generator_cpp: 3.1.5 (/opt/ros/humble/share/rosidl_generator_cpp/cmake)
[0.239s] -- Using all available rosidl_typesupport_c: rosidl_typesupport_fastrtps_c;rosidl_typesupport_introspection_c
[0.250s] -- Using all available rosidl_typesupport_cpp: rosidl_typesupport_fastrtps_cpp;rosidl_typesupport_introspection_cpp
[0.330s] -- Found rmw_implementation_cmake: 6.1.1 (/opt/ros/humble/share/rmw_implementation_cmake/cmake)
[0.331s] -- Found rmw_fastrtps_cpp: 6.2.6 (/opt/ros/humble/share/rmw_fastrtps_cpp/cmake)
[0.486s] -- Using RMW implementation 'rmw_fastrtps_cpp' as default
[0.650s] -- pinocchio FOUND. pinocchio at /opt/ros/humble/lib/x86_64-linux-gnu/libpinocchio.so
[0.650s] -- boost_filesystem FOUND. boost_filesystem at /lib/x86_64-linux-gnu/libboost_filesystem.so
[0.650s] -- boost_serialization FOUND. boost_serialization at /lib/x86_64-linux-gnu/libboost_serialization.so
[0.650s] -- boost_system FOUND. boost_system at /lib/x86_64-linux-gnu/libboost_system.so
[0.656s] -- Found Boost: /usr/include (found version "1.74.0") found components: filesystem serialization system 
[0.656s] -- eigenpy FOUND. eigenpy at /opt/ros/humble/lib/x86_64-linux-gnu/libeigenpy.so
[0.862s] -- Found Python3: /usr/bin/python3.10 (found version "3.10.12") found components: Interpreter Development.Module NumPy 
[0.862s] -- PythonLibraryDirs: 
[0.862s] -- PythonLibVersionString: 3.10.12
[0.879s] -- Python site lib: lib/python3.10/dist-packages
[0.879s] -- Python include dirs: /usr/include/python3.10
[0.901s] -- Checking for NumPy
[0.977s] --   NUMPY_INCLUDE_DIRS=/usr/lib/python3/dist-packages/numpy/core/include
[1.078s] --   NUMPY_VERSION=1.21.5
[1.078s] -- NumPy include dir: /usr/lib/python3/dist-packages/numpy/core/include
[1.083s] [33mCMake Warning at /usr/share/cmake-3.22/Modules/FindBoost.cmake:2201 (message):
[1.083s]   No header defined for python310; skipping header check (note: header-only
[1.083s]   libraries have no designated component)
[1.083s] Call Stack (most recent call first):
[1.083s]   /opt/ros/humble/lib/x86_64-linux-gnu/cmake/eigenpy/boost.cmake:144 (find_package)
[1.083s]   /opt/ros/humble/lib/x86_64-linux-gnu/cmake/eigenpy/eigenpyConfig.cmake:149 (SEARCH_FOR_BOOST_PYTHON)
[1.083s]   /usr/share/cmake-3.22/Modules/CMakeFindDependencyMacro.cmake:47 (find_package)
[1.083s]   /opt/ros/humble/lib/x86_64-linux-gnu/cmake/pinocchio/pinocchioConfig.cmake:160 (find_dependency)
[1.083s]   CMakeLists.txt:12 (find_package)
[1.083s] 
[1.084s] [0m
[1.084s] -- Found Boost: /usr/include (found version "1.74.0") found components: python310 
[1.084s] -- Boost_PYTHON_LIBRARY: /usr/lib/x86_64-linux-gnu/libboost_python310.so
[1.322s] -- Default C++ standard: 201703
[1.322s] -- C++ standard sufficient: Minimal required 11, currently defined: 17
[1.322s] -- CMAKE_CXX_STANDARD was not set: automatically set to currently defined standard 17
[1.323s] -- hpp-fcl FOUND. hpp-fcl at /opt/ros/humble/lib/x86_64-linux-gnu/libhpp-fcl.so
[1.327s] -- Found Boost: /usr/include (found version "1.74.0") found components: chrono serialization 
[1.328s] -- C++ standard sufficient: Minimal required 11, currently defined: 17
[1.328s] -- C++ standard sufficient: Minimal required 11, currently defined: 17
[1.329s] -- Found ament_lint_auto: 0.12.10 (/opt/ros/humble/share/ament_lint_auto/cmake)
[1.380s] -- Added test 'cppcheck' to perform static code analysis on C / C++ code
[1.380s] -- Configured cppcheck include dirs: 
[1.380s] -- Configured cppcheck exclude dirs and/or files: 
[1.381s] -- Added test 'lint_cmake' to check CMake code style
[1.381s] -- Added test 'uncrustify' to check C / C++ code style
[1.381s] -- Configured uncrustify additional arguments: 
[1.382s] -- Added test 'xmllint' to check XML markup files
[1.382s] -- Configuring done
[1.394s] -- Generating done
[1.396s] -- Build files have been written to: /home/yurs/ros2_ws/build/cpp_pubsub
[1.416s] [35m[1mConsolidate compiler generated dependencies of target listener[0m
[1.417s] [35m[1mConsolidate compiler generated dependencies of target talker[0m
[1.431s] [ 25%] [32mBuilding CXX object CMakeFiles/listener.dir/src/subscriber_member_function.cpp.o[0m
[1.450s] [ 50%] [32mBuilding CXX object CMakeFiles/talker.dir/src/publisher_member_function.cpp.o[0m
[8.727s] [ 75%] [32m[1mLinking CXX executable listener[0m
[9.123s] [ 75%] Built target listener
[23.908s] [100%] [32m[1mLinking CXX executable talker[0m
[24.670s] [100%] Built target talker
[24.678s] Invoked command in '/home/yurs/ros2_ws/build/cpp_pubsub' returned '0': CMAKE_PREFIX_PATH=/opt/ros/humble /usr/bin/cmake --build /home/yurs/ros2_ws/build/cpp_pubsub -- -j8 -l8
[24.698s] Invoking command in '/home/yurs/ros2_ws/build/cpp_pubsub': CMAKE_PREFIX_PATH=/opt/ros/humble /usr/bin/cmake --install /home/yurs/ros2_ws/build/cpp_pubsub
[24.703s] -- Install configuration: ""
[24.703s] -- Installing: /home/yurs/ros2_ws/install/cpp_pubsub/lib/cpp_pubsub/talker
[24.711s] -- Set runtime path of "/home/yurs/ros2_ws/install/cpp_pubsub/lib/cpp_pubsub/talker" to ""
[24.711s] -- Installing: /home/yurs/ros2_ws/install/cpp_pubsub/lib/cpp_pubsub/listener
[24.714s] -- Set runtime path of "/home/yurs/ros2_ws/install/cpp_pubsub/lib/cpp_pubsub/listener" to ""
[24.714s] -- Up-to-date: /home/yurs/ros2_ws/install/cpp_pubsub/share/ament_index/resource_index/package_run_dependencies/cpp_pubsub
[24.714s] -- Installing: /home/yurs/ros2_ws/install/cpp_pubsub/share/ament_index/resource_index/parent_prefix_path/cpp_pubsub
[24.714s] -- Installing: /home/yurs/ros2_ws/install/cpp_pubsub/share/cpp_pubsub/environment/ament_prefix_path.sh
[24.714s] -- Installing: /home/yurs/ros2_ws/install/cpp_pubsub/share/cpp_pubsub/environment/ament_prefix_path.dsv
[24.715s] -- Installing: /home/yurs/ros2_ws/install/cpp_pubsub/share/cpp_pubsub/environment/path.sh
[24.715s] -- Installing: /home/yurs/ros2_ws/install/cpp_pubsub/share/cpp_pubsub/environment/path.dsv
[24.715s] -- Up-to-date: /home/yurs/ros2_ws/install/cpp_pubsub/share/cpp_pubsub/local_setup.bash
[24.715s] -- Up-to-date: /home/yurs/ros2_ws/install/cpp_pubsub/share/cpp_pubsub/local_setup.sh
[24.715s] -- Up-to-date: /home/yurs/ros2_ws/install/cpp_pubsub/share/cpp_pubsub/local_setup.zsh
[24.715s] -- Installing: /home/yurs/ros2_ws/install/cpp_pubsub/share/cpp_pubsub/local_setup.dsv
[24.715s] -- Installing: /home/yurs/ros2_ws/install/cpp_pubsub/share/cpp_pubsub/package.dsv
[24.715s] -- Up-to-date: /home/yurs/ros2_ws/install/cpp_pubsub/share/ament_index/resource_index/packages/cpp_pubsub
[24.715s] -- Up-to-date: /home/yurs/ros2_ws/install/cpp_pubsub/share/cpp_pubsub/cmake/cpp_pubsubConfig.cmake
[24.715s] -- Up-to-date: /home/yurs/ros2_ws/install/cpp_pubsub/share/cpp_pubsub/cmake/cpp_pubsubConfig-version.cmake
[24.715s] -- Up-to-date: /home/yurs/ros2_ws/install/cpp_pubsub/share/cpp_pubsub/package.xml
[24.717s] Invoked command in '/home/yurs/ros2_ws/build/cpp_pubsub' returned '0': CMAKE_PREFIX_PATH=/opt/ros/humble /usr/bin/cmake --install /home/yurs/ros2_ws/build/cpp_pubsub
