[0.039s] Invoking command in '/home/yurs/ros2_ws/build/cpp_pubsub': CMAKE_PREFIX_PATH=${CMAKE_PREFIX_PATH}:/opt/ros/humble /usr/bin/cmake /home/yurs/ros2_ws/src/cpp_pubsub -DCMAKE_INSTALL_PREFIX=/home/yurs/ros2_ws/install/cpp_pubsub
[0.047s] -- Found ament_cmake: 1.3.7 (/opt/ros/humble/share/ament_cmake/cmake)
[0.133s] -- Found rclcpp: 16.0.8 (/opt/ros/humble/share/rclcpp/cmake)
[0.151s] -- Found rosidl_generator_c: 3.1.5 (/opt/ros/humble/share/rosidl_generator_c/cmake)
[0.153s] -- Found rosidl_adapter: 3.1.5 (/opt/ros/humble/share/rosidl_adapter/cmake)
[0.156s] -- Found rosidl_generator_cpp: 3.1.5 (/opt/ros/humble/share/rosidl_generator_cpp/cmake)
[0.163s] -- Using all available rosidl_typesupport_c: rosidl_typesupport_fastrtps_c;rosidl_typesupport_introspection_c
[0.172s] -- Using all available rosidl_typesupport_cpp: rosidl_typesupport_fastrtps_cpp;rosidl_typesupport_introspection_cpp
[0.212s] -- Found rmw_implementation_cmake: 6.1.1 (/opt/ros/humble/share/rmw_implementation_cmake/cmake)
[0.212s] -- Found rmw_fastrtps_cpp: 6.2.6 (/opt/ros/humble/share/rmw_fastrtps_cpp/cmake)
[0.305s] -- Using RMW implementation 'rmw_fastrtps_cpp' as default
[0.401s] -- Found ament_lint_auto: 0.12.10 (/opt/ros/humble/share/ament_lint_auto/cmake)
[0.446s] -- Added test 'lint_cmake' to check CMake code style
[0.447s] -- Added test 'xmllint' to check XML markup files
[0.447s] -- Configuring done
[0.449s] [31mCMake Error at CMakeLists.txt:28 (add_executable):
[0.449s]   Cannot find source file:
[0.449s] 
[0.449s]     src/publisher_member_function.cpp
[0.449s] 
[0.449s]   Tried extensions .c .C .c++ .cc .cpp .cxx .cu .mpp .m .M .mm .ixx .cppm .h
[0.449s]   .hh .h++ .hm .hpp .hxx .in .txx .f .F .for .f77 .f90 .f95 .f03 .hip .ispc
[0.449s] 
[0.449s] [0m
[0.450s] [31mCMake Error at CMakeLists.txt:29 (add_executable):
[0.450s]   Cannot find source file:
[0.450s] 
[0.450s]     src/subscriber_member_function.cpp
[0.450s] 
[0.450s]   Tried extensions .c .C .c++ .cc .cpp .cxx .cu .mpp .m .M .mm .ixx .cppm .h
[0.450s]   .hh .h++ .hm .hpp .hxx .in .txx .f .F .for .f77 .f90 .f95 .f03 .hip .ispc
[0.450s] 
[0.450s] [0m
[0.450s] [31mCMake Error at CMakeLists.txt:28 (add_executable):
[0.450s]   No SOURCES given to target: talker
[0.450s] 
[0.450s] [0m
[0.450s] [31mCMake Error at CMakeLists.txt:29 (add_executable):
[0.450s]   No SOURCES given to target: listener
[0.450s] 
[0.450s] [0m
[0.450s] [0mCMake Generate step failed.  Build files cannot be regenerated correctly.[0m
[0.454s] Invoked command in '/home/yurs/ros2_ws/build/cpp_pubsub' returned '1': CMAKE_PREFIX_PATH=${CMAKE_PREFIX_PATH}:/opt/ros/humble /usr/bin/cmake /home/yurs/ros2_ws/src/cpp_pubsub -DCMAKE_INSTALL_PREFIX=/home/yurs/ros2_ws/install/cpp_pubsub
