[0.030s] Invoking command in '/home/yurs/ros2_ws/build/my_package': CMAKE_PREFIX_PATH=${CMAKE_PREFIX_PATH}:/opt/ros/humble /usr/bin/cmake --build /home/yurs/ros2_ws/build/my_package -- -j8 -l8
[0.058s] [35m[1mConsolidate compiler generated dependencies of target my_node[0m
[0.067s] [100%] Built target my_node
[0.076s] Invoked command in '/home/yurs/ros2_ws/build/my_package' returned '0': CMAKE_PREFIX_PATH=${CMAKE_PREFIX_PATH}:/opt/ros/humble /usr/bin/cmake --build /home/yurs/ros2_ws/build/my_package -- -j8 -l8
[0.101s] Invoking command in '/home/yurs/ros2_ws/build/my_package': CMAKE_PREFIX_PATH=${CMAKE_PREFIX_PATH}:/opt/ros/humble /usr/bin/cmake --install /home/yurs/ros2_ws/build/my_package
[0.107s] -- Install configuration: ""
[0.107s] -- Execute custom install script
[0.107s] -- Up-to-date symlink: /home/yurs/ros2_ws/install/my_package/lib/my_package/my_node
[0.108s] -- Up-to-date symlink: /home/yurs/ros2_ws/install/my_package/share/ament_index/resource_index/package_run_dependencies/my_package
[0.108s] -- Up-to-date symlink: /home/yurs/ros2_ws/install/my_package/share/ament_index/resource_index/parent_prefix_path/my_package
[0.108s] -- Up-to-date symlink: /home/yurs/ros2_ws/install/my_package/share/my_package/environment/ament_prefix_path.sh
[0.108s] -- Up-to-date symlink: /home/yurs/ros2_ws/install/my_package/share/my_package/environment/ament_prefix_path.dsv
[0.108s] -- Up-to-date symlink: /home/yurs/ros2_ws/install/my_package/share/my_package/environment/path.sh
[0.109s] -- Up-to-date symlink: /home/yurs/ros2_ws/install/my_package/share/my_package/environment/path.dsv
[0.109s] -- Up-to-date symlink: /home/yurs/ros2_ws/install/my_package/share/my_package/local_setup.bash
[0.109s] -- Up-to-date symlink: /home/yurs/ros2_ws/install/my_package/share/my_package/local_setup.sh
[0.109s] -- Up-to-date symlink: /home/yurs/ros2_ws/install/my_package/share/my_package/local_setup.zsh
[0.109s] -- Up-to-date symlink: /home/yurs/ros2_ws/install/my_package/share/my_package/local_setup.dsv
[0.109s] -- Symlinking: /home/yurs/ros2_ws/install/my_package/share/my_package/package.dsv
[0.116s] -- Up-to-date symlink: /home/yurs/ros2_ws/install/my_package/share/ament_index/resource_index/packages/my_package
[0.116s] -- Up-to-date symlink: /home/yurs/ros2_ws/install/my_package/share/my_package/cmake/my_packageConfig.cmake
[0.116s] -- Up-to-date symlink: /home/yurs/ros2_ws/install/my_package/share/my_package/cmake/my_packageConfig-version.cmake
[0.117s] -- Up-to-date symlink: /home/yurs/ros2_ws/install/my_package/share/my_package/package.xml
[0.118s] Invoked command in '/home/yurs/ros2_ws/build/my_package' returned '0': CMAKE_PREFIX_PATH=${CMAKE_PREFIX_PATH}:/opt/ros/humble /usr/bin/cmake --install /home/yurs/ros2_ws/build/my_package
