[0.519s] DEBUG:colcon:Command line arguments: ['/usr/bin/colcon', 'build']
[0.519s] DEBUG:colcon:Parsed command line arguments: Namespace(log_base=None, log_level=None, verb_name='build', build_base='build', install_base='install', merge_install=False, symlink_install=False, test_result_base=None, continue_on_error=False, executor='parallel', parallel_workers=8, event_handlers=None, ignore_user_meta=False, metas=['./colcon.meta'], base_paths=['.'], packages_ignore=None, packages_ignore_regex=None, paths=None, packages_up_to=None, packages_up_to_regex=None, packages_above=None, packages_above_and_dependencies=None, packages_above_depth=None, packages_select_by_dep=None, packages_skip_by_dep=None, packages_skip_up_to=None, packages_select_build_failed=False, packages_skip_build_finished=False, packages_select_test_failures=False, packages_skip_test_passed=False, packages_select=None, packages_skip=None, packages_select_regex=None, packages_skip_regex=None, packages_start=None, packages_end=None, cmake_args=None, cmake_target=None, cmake_target_skip_unavailable=False, cmake_clean_cache=False, cmake_clean_first=False, cmake_force_configure=False, ament_cmake_args=None, catkin_cmake_args=None, catkin_skip_building_tests=False, mixin_files=None, mixin=None, verb_parser=<colcon_mixin.mixin.mixin_argument.MixinArgumentDecorator object at 0x7f0286a38100>, verb_extension=<colcon_core.verb.build.BuildVerb object at 0x7f0286a39d50>, main=<bound method BuildVerb.main of <colcon_core.verb.build.BuildVerb object at 0x7f0286a39d50>>, mixin_verb=('build',))
[0.542s] Level 1:colcon.colcon_core.package_discovery:discover_packages(colcon_meta) check parameters
[0.542s] Level 1:colcon.colcon_core.package_discovery:discover_packages(recursive) check parameters
[0.543s] Level 1:colcon.colcon_core.package_discovery:discover_packages(ignore) check parameters
[0.543s] Level 1:colcon.colcon_core.package_discovery:discover_packages(path) check parameters
[0.543s] Level 1:colcon.colcon_core.package_discovery:discover_packages(colcon_meta) discover
[0.543s] Level 1:colcon.colcon_core.package_discovery:discover_packages(recursive) discover
[0.543s] INFO:colcon.colcon_core.package_discovery:Crawling recursively for packages in '/home/yurs/ros2_ws'
[0.543s] Level 1:colcon.colcon_core.package_identification:_identify(.) by extensions ['ignore', 'ignore_ament_install']
[0.543s] Level 1:colcon.colcon_core.package_identification:_identify(.) by extension 'ignore'
[0.543s] Level 1:colcon.colcon_core.package_identification:_identify(.) by extension 'ignore_ament_install'
[0.543s] Level 1:colcon.colcon_core.package_identification:_identify(.) by extensions ['colcon_pkg']
[0.543s] Level 1:colcon.colcon_core.package_identification:_identify(.) by extension 'colcon_pkg'
[0.543s] Level 1:colcon.colcon_core.package_identification:_identify(.) by extensions ['colcon_meta']
[0.543s] Level 1:colcon.colcon_core.package_identification:_identify(.) by extension 'colcon_meta'
[0.543s] Level 1:colcon.colcon_core.package_identification:_identify(.) by extensions ['ros']
[0.543s] Level 1:colcon.colcon_core.package_identification:_identify(.) by extension 'ros'
[0.550s] Level 1:colcon.colcon_core.package_identification:_identify(.) by extensions ['cmake', 'python']
[0.550s] Level 1:colcon.colcon_core.package_identification:_identify(.) by extension 'cmake'
[0.550s] Level 1:colcon.colcon_core.package_identification:_identify(.) by extension 'python'
[0.550s] Level 1:colcon.colcon_core.package_identification:_identify(.) by extensions ['python_setup_py']
[0.550s] Level 1:colcon.colcon_core.package_identification:_identify(.) by extension 'python_setup_py'
[0.550s] Level 1:colcon.colcon_core.package_identification:_identify(build) by extensions ['ignore', 'ignore_ament_install']
[0.550s] Level 1:colcon.colcon_core.package_identification:_identify(build) by extension 'ignore'
[0.550s] Level 1:colcon.colcon_core.package_identification:_identify(build) ignored
[0.550s] Level 1:colcon.colcon_core.package_identification:_identify(install) by extensions ['ignore', 'ignore_ament_install']
[0.550s] Level 1:colcon.colcon_core.package_identification:_identify(install) by extension 'ignore'
[0.550s] Level 1:colcon.colcon_core.package_identification:_identify(install) ignored
[0.551s] Level 1:colcon.colcon_core.package_identification:_identify(log) by extensions ['ignore', 'ignore_ament_install']
[0.551s] Level 1:colcon.colcon_core.package_identification:_identify(log) by extension 'ignore'
[0.551s] Level 1:colcon.colcon_core.package_identification:_identify(log) ignored
[0.551s] Level 1:colcon.colcon_core.package_identification:_identify(src) by extensions ['ignore', 'ignore_ament_install']
[0.551s] Level 1:colcon.colcon_core.package_identification:_identify(src) by extension 'ignore'
[0.551s] Level 1:colcon.colcon_core.package_identification:_identify(src) by extension 'ignore_ament_install'
[0.551s] Level 1:colcon.colcon_core.package_identification:_identify(src) by extensions ['colcon_pkg']
[0.551s] Level 1:colcon.colcon_core.package_identification:_identify(src) by extension 'colcon_pkg'
[0.551s] Level 1:colcon.colcon_core.package_identification:_identify(src) by extensions ['colcon_meta']
[0.551s] Level 1:colcon.colcon_core.package_identification:_identify(src) by extension 'colcon_meta'
[0.551s] Level 1:colcon.colcon_core.package_identification:_identify(src) by extensions ['ros']
[0.551s] Level 1:colcon.colcon_core.package_identification:_identify(src) by extension 'ros'
[0.551s] Level 1:colcon.colcon_core.package_identification:_identify(src) by extensions ['cmake', 'python']
[0.551s] Level 1:colcon.colcon_core.package_identification:_identify(src) by extension 'cmake'
[0.551s] Level 1:colcon.colcon_core.package_identification:_identify(src) by extension 'python'
[0.551s] Level 1:colcon.colcon_core.package_identification:_identify(src) by extensions ['python_setup_py']
[0.551s] Level 1:colcon.colcon_core.package_identification:_identify(src) by extension 'python_setup_py'
[0.551s] Level 1:colcon.colcon_core.package_identification:_identify(src/cpp_pubsub) by extensions ['ignore', 'ignore_ament_install']
[0.551s] Level 1:colcon.colcon_core.package_identification:_identify(src/cpp_pubsub) by extension 'ignore'
[0.551s] Level 1:colcon.colcon_core.package_identification:_identify(src/cpp_pubsub) by extension 'ignore_ament_install'
[0.551s] Level 1:colcon.colcon_core.package_identification:_identify(src/cpp_pubsub) by extensions ['colcon_pkg']
[0.551s] Level 1:colcon.colcon_core.package_identification:_identify(src/cpp_pubsub) by extension 'colcon_pkg'
[0.551s] Level 1:colcon.colcon_core.package_identification:_identify(src/cpp_pubsub) by extensions ['colcon_meta']
[0.551s] Level 1:colcon.colcon_core.package_identification:_identify(src/cpp_pubsub) by extension 'colcon_meta'
[0.551s] Level 1:colcon.colcon_core.package_identification:_identify(src/cpp_pubsub) by extensions ['ros']
[0.552s] Level 1:colcon.colcon_core.package_identification:_identify(src/cpp_pubsub) by extension 'ros'
[0.554s] DEBUG:colcon.colcon_core.package_identification:Package 'src/cpp_pubsub' with type 'ros.ament_cmake' and name 'cpp_pubsub'
[0.554s] Level 1:colcon.colcon_core.package_identification:_identify(src/my_package) by extensions ['ignore', 'ignore_ament_install']
[0.554s] Level 1:colcon.colcon_core.package_identification:_identify(src/my_package) by extension 'ignore'
[0.554s] Level 1:colcon.colcon_core.package_identification:_identify(src/my_package) by extension 'ignore_ament_install'
[0.554s] Level 1:colcon.colcon_core.package_identification:_identify(src/my_package) by extensions ['colcon_pkg']
[0.554s] Level 1:colcon.colcon_core.package_identification:_identify(src/my_package) by extension 'colcon_pkg'
[0.554s] Level 1:colcon.colcon_core.package_identification:_identify(src/my_package) by extensions ['colcon_meta']
[0.554s] Level 1:colcon.colcon_core.package_identification:_identify(src/my_package) by extension 'colcon_meta'
[0.554s] Level 1:colcon.colcon_core.package_identification:_identify(src/my_package) by extensions ['ros']
[0.554s] Level 1:colcon.colcon_core.package_identification:_identify(src/my_package) by extension 'ros'
[0.554s] DEBUG:colcon.colcon_core.package_identification:Package 'src/my_package' with type 'ros.ament_cmake' and name 'my_package'
[0.554s] Level 1:colcon.colcon_core.package_discovery:discover_packages(recursive) using defaults
[0.554s] Level 1:colcon.colcon_core.package_discovery:discover_packages(ignore) discover
[0.554s] Level 1:colcon.colcon_core.package_discovery:discover_packages(ignore) using defaults
[0.554s] Level 1:colcon.colcon_core.package_discovery:discover_packages(path) discover
[0.554s] Level 1:colcon.colcon_core.package_discovery:discover_packages(path) using defaults
[0.593s] Level 5:colcon.colcon_core.verb:set package 'cpp_pubsub' build argument 'cmake_args' from command line to 'None'
[0.593s] Level 5:colcon.colcon_core.verb:set package 'cpp_pubsub' build argument 'cmake_target' from command line to 'None'
[0.593s] Level 5:colcon.colcon_core.verb:set package 'cpp_pubsub' build argument 'cmake_target_skip_unavailable' from command line to 'False'
[0.593s] Level 5:colcon.colcon_core.verb:set package 'cpp_pubsub' build argument 'cmake_clean_cache' from command line to 'False'
[0.593s] Level 5:colcon.colcon_core.verb:set package 'cpp_pubsub' build argument 'cmake_clean_first' from command line to 'False'
[0.593s] Level 5:colcon.colcon_core.verb:set package 'cpp_pubsub' build argument 'cmake_force_configure' from command line to 'False'
[0.593s] Level 5:colcon.colcon_core.verb:set package 'cpp_pubsub' build argument 'ament_cmake_args' from command line to 'None'
[0.593s] Level 5:colcon.colcon_core.verb:set package 'cpp_pubsub' build argument 'catkin_cmake_args' from command line to 'None'
[0.593s] Level 5:colcon.colcon_core.verb:set package 'cpp_pubsub' build argument 'catkin_skip_building_tests' from command line to 'False'
[0.593s] DEBUG:colcon.colcon_core.verb:Building package 'cpp_pubsub' with the following arguments: {'ament_cmake_args': None, 'build_base': '/home/yurs/ros2_ws/build/cpp_pubsub', 'catkin_cmake_args': None, 'catkin_skip_building_tests': False, 'cmake_args': None, 'cmake_clean_cache': False, 'cmake_clean_first': False, 'cmake_force_configure': False, 'cmake_target': None, 'cmake_target_skip_unavailable': False, 'install_base': '/home/yurs/ros2_ws/install/cpp_pubsub', 'merge_install': False, 'path': '/home/yurs/ros2_ws/src/cpp_pubsub', 'symlink_install': False, 'test_result_base': None}
[0.599s] Level 5:colcon.colcon_core.verb:set package 'my_package' build argument 'cmake_args' from command line to 'None'
[0.599s] Level 5:colcon.colcon_core.verb:set package 'my_package' build argument 'cmake_target' from command line to 'None'
[0.599s] Level 5:colcon.colcon_core.verb:set package 'my_package' build argument 'cmake_target_skip_unavailable' from command line to 'False'
[0.599s] Level 5:colcon.colcon_core.verb:set package 'my_package' build argument 'cmake_clean_cache' from command line to 'False'
[0.600s] Level 5:colcon.colcon_core.verb:set package 'my_package' build argument 'cmake_clean_first' from command line to 'False'
[0.600s] Level 5:colcon.colcon_core.verb:set package 'my_package' build argument 'cmake_force_configure' from command line to 'False'
[0.600s] Level 5:colcon.colcon_core.verb:set package 'my_package' build argument 'ament_cmake_args' from command line to 'None'
[0.600s] Level 5:colcon.colcon_core.verb:set package 'my_package' build argument 'catkin_cmake_args' from command line to 'None'
[0.600s] Level 5:colcon.colcon_core.verb:set package 'my_package' build argument 'catkin_skip_building_tests' from command line to 'False'
[0.600s] DEBUG:colcon.colcon_core.verb:Building package 'my_package' with the following arguments: {'ament_cmake_args': None, 'build_base': '/home/yurs/ros2_ws/build/my_package', 'catkin_cmake_args': None, 'catkin_skip_building_tests': False, 'cmake_args': None, 'cmake_clean_cache': False, 'cmake_clean_first': False, 'cmake_force_configure': False, 'cmake_target': None, 'cmake_target_skip_unavailable': False, 'install_base': '/home/yurs/ros2_ws/install/my_package', 'merge_install': False, 'path': '/home/yurs/ros2_ws/src/my_package', 'symlink_install': False, 'test_result_base': None}
[0.606s] INFO:colcon.colcon_core.executor:Executing jobs using 'parallel' executor
[0.613s] DEBUG:colcon.colcon_parallel_executor.executor.parallel:run_until_complete
[0.614s] INFO:colcon.colcon_ros.task.ament_cmake.build:Building ROS package in '/home/yurs/ros2_ws/src/cpp_pubsub' with build type 'ament_cmake'
[0.614s] INFO:colcon.colcon_cmake.task.cmake.build:Building CMake package in '/home/yurs/ros2_ws/src/cpp_pubsub'
[0.622s] INFO:colcon.colcon_core.plugin_system:Skipping extension 'colcon_core.shell.bat': Not used on non-Windows systems
[0.622s] INFO:colcon.colcon_core.shell:Skip shell extension 'powershell' for command environment: Not usable outside of PowerShell
[0.622s] DEBUG:colcon.colcon_core.shell:Skip shell extension 'dsv' for command environment
[0.636s] INFO:colcon.colcon_ros.task.ament_cmake.build:Building ROS package in '/home/yurs/ros2_ws/src/my_package' with build type 'ament_cmake'
[0.636s] INFO:colcon.colcon_cmake.task.cmake.build:Building CMake package in '/home/yurs/ros2_ws/src/my_package'
[0.642s] INFO:colcon.colcon_core.shell:Skip shell extension 'powershell' for command environment: Not usable outside of PowerShell
[0.642s] DEBUG:colcon.colcon_core.shell:Skip shell extension 'dsv' for command environment
[0.659s] DEBUG:colcon.colcon_core.event_handler.log_command:Invoking command in '/home/yurs/ros2_ws/build/cpp_pubsub': CMAKE_PREFIX_PATH=/opt/ros/humble /usr/bin/cmake --build /home/yurs/ros2_ws/build/cpp_pubsub -- -j8 -l8
[0.663s] DEBUG:colcon.colcon_core.event_handler.log_command:Invoking command in '/home/yurs/ros2_ws/build/my_package': CMAKE_PREFIX_PATH=/opt/ros/humble /usr/bin/cmake --build /home/yurs/ros2_ws/build/my_package -- -j8 -l8
[0.703s] DEBUG:colcon.colcon_core.event_handler.log_command:Invoked command in '/home/yurs/ros2_ws/build/my_package' returned '0': CMAKE_PREFIX_PATH=/opt/ros/humble /usr/bin/cmake --build /home/yurs/ros2_ws/build/my_package -- -j8 -l8
[0.726s] DEBUG:colcon.colcon_core.event_handler.log_command:Invoking command in '/home/yurs/ros2_ws/build/my_package': CMAKE_PREFIX_PATH=/opt/ros/humble /usr/bin/cmake --install /home/yurs/ros2_ws/build/my_package
[0.733s] Level 1:colcon.colcon_core.environment:create_environment_scripts_only(my_package)
[0.733s] DEBUG:colcon.colcon_core.event_handler.log_command:Invoked command in '/home/yurs/ros2_ws/build/my_package' returned '0': CMAKE_PREFIX_PATH=/opt/ros/humble /usr/bin/cmake --install /home/yurs/ros2_ws/build/my_package
[0.743s] Level 1:colcon.colcon_core.environment:checking '/home/yurs/ros2_ws/install/my_package' for CMake module files
[0.744s] Level 1:colcon.colcon_core.environment:checking '/home/yurs/ros2_ws/install/my_package' for CMake config files
[0.744s] Level 1:colcon.colcon_core.shell:create_environment_hook('my_package', 'cmake_prefix_path')
[0.750s] INFO:colcon.colcon_core.shell:Creating environment hook '/home/yurs/ros2_ws/install/my_package/share/my_package/hook/cmake_prefix_path.ps1'
[0.751s] INFO:colcon.colcon_core.shell:Creating environment descriptor '/home/yurs/ros2_ws/install/my_package/share/my_package/hook/cmake_prefix_path.dsv'
[0.751s] INFO:colcon.colcon_core.shell:Creating environment hook '/home/yurs/ros2_ws/install/my_package/share/my_package/hook/cmake_prefix_path.sh'
[0.752s] Level 1:colcon.colcon_core.environment:checking '/home/yurs/ros2_ws/install/my_package/lib'
[0.752s] Level 1:colcon.colcon_core.environment:checking '/home/yurs/ros2_ws/install/my_package/bin'
[0.752s] Level 1:colcon.colcon_core.environment:checking '/home/yurs/ros2_ws/install/my_package/lib/pkgconfig/my_package.pc'
[0.754s] Level 1:colcon.colcon_core.environment:checking '/home/yurs/ros2_ws/install/my_package/lib/python3.10/site-packages'
[0.754s] Level 1:colcon.colcon_core.environment:checking '/home/yurs/ros2_ws/install/my_package/bin'
[0.761s] INFO:colcon.colcon_core.shell:Creating package script '/home/yurs/ros2_ws/install/my_package/share/my_package/package.ps1'
[0.762s] INFO:colcon.colcon_core.shell:Creating package descriptor '/home/yurs/ros2_ws/install/my_package/share/my_package/package.dsv'
[0.762s] INFO:colcon.colcon_core.shell:Creating package script '/home/yurs/ros2_ws/install/my_package/share/my_package/package.sh'
[0.763s] INFO:colcon.colcon_core.shell:Creating package script '/home/yurs/ros2_ws/install/my_package/share/my_package/package.bash'
[0.763s] INFO:colcon.colcon_core.shell:Creating package script '/home/yurs/ros2_ws/install/my_package/share/my_package/package.zsh'
[0.764s] Level 1:colcon.colcon_core.environment:create_file_with_runtime_dependencies(/home/yurs/ros2_ws/install/my_package/share/colcon-core/packages/my_package)
[0.788s] Level 1:colcon.colcon_core.environment:create_environment_scripts_only(my_package)
[0.794s] Level 1:colcon.colcon_core.environment:checking '/home/yurs/ros2_ws/install/my_package' for CMake module files
[0.794s] Level 1:colcon.colcon_core.environment:checking '/home/yurs/ros2_ws/install/my_package' for CMake config files
[0.794s] Level 1:colcon.colcon_core.shell:create_environment_hook('my_package', 'cmake_prefix_path')
[0.800s] INFO:colcon.colcon_core.shell:Creating environment hook '/home/yurs/ros2_ws/install/my_package/share/my_package/hook/cmake_prefix_path.ps1'
[0.800s] INFO:colcon.colcon_core.shell:Creating environment descriptor '/home/yurs/ros2_ws/install/my_package/share/my_package/hook/cmake_prefix_path.dsv'
[0.801s] INFO:colcon.colcon_core.shell:Creating environment hook '/home/yurs/ros2_ws/install/my_package/share/my_package/hook/cmake_prefix_path.sh'
[0.801s] Level 1:colcon.colcon_core.environment:checking '/home/yurs/ros2_ws/install/my_package/lib'
[0.801s] Level 1:colcon.colcon_core.environment:checking '/home/yurs/ros2_ws/install/my_package/bin'
[0.801s] Level 1:colcon.colcon_core.environment:checking '/home/yurs/ros2_ws/install/my_package/lib/pkgconfig/my_package.pc'
[0.801s] Level 1:colcon.colcon_core.environment:checking '/home/yurs/ros2_ws/install/my_package/lib/python3.10/site-packages'
[0.801s] Level 1:colcon.colcon_core.environment:checking '/home/yurs/ros2_ws/install/my_package/bin'
[0.807s] INFO:colcon.colcon_core.shell:Creating package script '/home/yurs/ros2_ws/install/my_package/share/my_package/package.ps1'
[0.808s] INFO:colcon.colcon_core.shell:Creating package descriptor '/home/yurs/ros2_ws/install/my_package/share/my_package/package.dsv'
[0.808s] INFO:colcon.colcon_core.shell:Creating package script '/home/yurs/ros2_ws/install/my_package/share/my_package/package.sh'
[0.808s] INFO:colcon.colcon_core.shell:Creating package script '/home/yurs/ros2_ws/install/my_package/share/my_package/package.bash'
[0.809s] INFO:colcon.colcon_core.shell:Creating package script '/home/yurs/ros2_ws/install/my_package/share/my_package/package.zsh'
[0.809s] Level 1:colcon.colcon_core.environment:create_file_with_runtime_dependencies(/home/yurs/ros2_ws/install/my_package/share/colcon-core/packages/my_package)
[21.115s] DEBUG:colcon.colcon_core.event_handler.log_command:Invoked command in '/home/yurs/ros2_ws/build/cpp_pubsub' returned '0': CMAKE_PREFIX_PATH=/opt/ros/humble /usr/bin/cmake --build /home/yurs/ros2_ws/build/cpp_pubsub -- -j8 -l8
[21.137s] DEBUG:colcon.colcon_core.event_handler.log_command:Invoking command in '/home/yurs/ros2_ws/build/cpp_pubsub': CMAKE_PREFIX_PATH=/opt/ros/humble /usr/bin/cmake --install /home/yurs/ros2_ws/build/cpp_pubsub
[21.154s] Level 1:colcon.colcon_core.environment:create_environment_scripts_only(cpp_pubsub)
[21.154s] DEBUG:colcon.colcon_core.event_handler.log_command:Invoked command in '/home/yurs/ros2_ws/build/cpp_pubsub' returned '0': CMAKE_PREFIX_PATH=/opt/ros/humble /usr/bin/cmake --install /home/yurs/ros2_ws/build/cpp_pubsub
[21.161s] Level 1:colcon.colcon_core.environment:checking '/home/yurs/ros2_ws/install/cpp_pubsub' for CMake module files
[21.161s] Level 1:colcon.colcon_core.environment:checking '/home/yurs/ros2_ws/install/cpp_pubsub' for CMake config files
[21.161s] Level 1:colcon.colcon_core.shell:create_environment_hook('cpp_pubsub', 'cmake_prefix_path')
[21.168s] INFO:colcon.colcon_core.shell:Creating environment hook '/home/yurs/ros2_ws/install/cpp_pubsub/share/cpp_pubsub/hook/cmake_prefix_path.ps1'
[21.168s] INFO:colcon.colcon_core.shell:Creating environment descriptor '/home/yurs/ros2_ws/install/cpp_pubsub/share/cpp_pubsub/hook/cmake_prefix_path.dsv'
[21.169s] INFO:colcon.colcon_core.shell:Creating environment hook '/home/yurs/ros2_ws/install/cpp_pubsub/share/cpp_pubsub/hook/cmake_prefix_path.sh'
[21.169s] Level 1:colcon.colcon_core.environment:checking '/home/yurs/ros2_ws/install/cpp_pubsub/lib'
[21.169s] Level 1:colcon.colcon_core.environment:checking '/home/yurs/ros2_ws/install/cpp_pubsub/bin'
[21.169s] Level 1:colcon.colcon_core.environment:checking '/home/yurs/ros2_ws/install/cpp_pubsub/lib/pkgconfig/cpp_pubsub.pc'
[21.169s] Level 1:colcon.colcon_core.environment:checking '/home/yurs/ros2_ws/install/cpp_pubsub/lib/python3.10/site-packages'
[21.169s] Level 1:colcon.colcon_core.environment:checking '/home/yurs/ros2_ws/install/cpp_pubsub/bin'
[21.175s] INFO:colcon.colcon_core.shell:Creating package script '/home/yurs/ros2_ws/install/cpp_pubsub/share/cpp_pubsub/package.ps1'
[21.175s] INFO:colcon.colcon_core.shell:Creating package descriptor '/home/yurs/ros2_ws/install/cpp_pubsub/share/cpp_pubsub/package.dsv'
[21.176s] INFO:colcon.colcon_core.shell:Creating package script '/home/yurs/ros2_ws/install/cpp_pubsub/share/cpp_pubsub/package.sh'
[21.176s] INFO:colcon.colcon_core.shell:Creating package script '/home/yurs/ros2_ws/install/cpp_pubsub/share/cpp_pubsub/package.bash'
[21.176s] INFO:colcon.colcon_core.shell:Creating package script '/home/yurs/ros2_ws/install/cpp_pubsub/share/cpp_pubsub/package.zsh'
[21.176s] Level 1:colcon.colcon_core.environment:create_file_with_runtime_dependencies(/home/yurs/ros2_ws/install/cpp_pubsub/share/colcon-core/packages/cpp_pubsub)
[21.200s] Level 1:colcon.colcon_core.environment:create_environment_scripts_only(cpp_pubsub)
[21.207s] Level 1:colcon.colcon_core.environment:checking '/home/yurs/ros2_ws/install/cpp_pubsub' for CMake module files
[21.207s] Level 1:colcon.colcon_core.environment:checking '/home/yurs/ros2_ws/install/cpp_pubsub' for CMake config files
[21.208s] Level 1:colcon.colcon_core.shell:create_environment_hook('cpp_pubsub', 'cmake_prefix_path')
[21.214s] INFO:colcon.colcon_core.shell:Creating environment hook '/home/yurs/ros2_ws/install/cpp_pubsub/share/cpp_pubsub/hook/cmake_prefix_path.ps1'
[21.215s] INFO:colcon.colcon_core.shell:Creating environment descriptor '/home/yurs/ros2_ws/install/cpp_pubsub/share/cpp_pubsub/hook/cmake_prefix_path.dsv'
[21.215s] INFO:colcon.colcon_core.shell:Creating environment hook '/home/yurs/ros2_ws/install/cpp_pubsub/share/cpp_pubsub/hook/cmake_prefix_path.sh'
[21.216s] Level 1:colcon.colcon_core.environment:checking '/home/yurs/ros2_ws/install/cpp_pubsub/lib'
[21.216s] Level 1:colcon.colcon_core.environment:checking '/home/yurs/ros2_ws/install/cpp_pubsub/bin'
[21.216s] Level 1:colcon.colcon_core.environment:checking '/home/yurs/ros2_ws/install/cpp_pubsub/lib/pkgconfig/cpp_pubsub.pc'
[21.216s] Level 1:colcon.colcon_core.environment:checking '/home/yurs/ros2_ws/install/cpp_pubsub/lib/python3.10/site-packages'
[21.216s] Level 1:colcon.colcon_core.environment:checking '/home/yurs/ros2_ws/install/cpp_pubsub/bin'
[21.222s] INFO:colcon.colcon_core.shell:Creating package script '/home/yurs/ros2_ws/install/cpp_pubsub/share/cpp_pubsub/package.ps1'
[21.223s] INFO:colcon.colcon_core.shell:Creating package descriptor '/home/yurs/ros2_ws/install/cpp_pubsub/share/cpp_pubsub/package.dsv'
[21.223s] INFO:colcon.colcon_core.shell:Creating package script '/home/yurs/ros2_ws/install/cpp_pubsub/share/cpp_pubsub/package.sh'
[21.223s] INFO:colcon.colcon_core.shell:Creating package script '/home/yurs/ros2_ws/install/cpp_pubsub/share/cpp_pubsub/package.bash'
[21.223s] INFO:colcon.colcon_core.shell:Creating package script '/home/yurs/ros2_ws/install/cpp_pubsub/share/cpp_pubsub/package.zsh'
[21.223s] Level 1:colcon.colcon_core.environment:create_file_with_runtime_dependencies(/home/yurs/ros2_ws/install/cpp_pubsub/share/colcon-core/packages/cpp_pubsub)
[21.224s] DEBUG:colcon.colcon_parallel_executor.executor.parallel:closing loop
[21.224s] DEBUG:colcon.colcon_parallel_executor.executor.parallel:loop closed
[21.224s] DEBUG:colcon.colcon_parallel_executor.executor.parallel:run_until_complete finished with '0'
[21.224s] DEBUG:colcon.colcon_core.event_reactor:joining thread
[21.234s] INFO:colcon.colcon_core.plugin_system:Skipping extension 'colcon_notification.desktop_notification.notify_send': Could not find 'notify-send'
[21.234s] INFO:colcon.colcon_core.plugin_system:Skipping extension 'colcon_notification.desktop_notification.terminal_notifier': Not used on non-Darwin systems
[21.234s] INFO:colcon.colcon_core.plugin_system:Skipping extension 'colcon_notification.desktop_notification.win32': Not used on non-Windows systems
[21.234s] INFO:colcon.colcon_notification.desktop_notification:Sending desktop notification using 'notify2'
[21.237s] DEBUG:colcon.colcon_notification.desktop_notification.notify2:Failed to initialize notify2: org.freedesktop.DBus.Error.Spawn.ExecFailed: /usr/bin/dbus-launch terminated abnormally without any error message
[21.237s] DEBUG:colcon.colcon_core.event_reactor:joined thread
[21.245s] INFO:colcon.colcon_core.shell:Creating prefix script '/home/yurs/ros2_ws/install/local_setup.ps1'
[21.246s] INFO:colcon.colcon_core.shell:Creating prefix util module '/home/yurs/ros2_ws/install/_local_setup_util_ps1.py'
[21.247s] INFO:colcon.colcon_core.shell:Creating prefix chain script '/home/yurs/ros2_ws/install/setup.ps1'
[21.254s] INFO:colcon.colcon_core.shell:Creating prefix script '/home/yurs/ros2_ws/install/local_setup.sh'
[21.254s] INFO:colcon.colcon_core.shell:Creating prefix util module '/home/yurs/ros2_ws/install/_local_setup_util_sh.py'
[21.255s] INFO:colcon.colcon_core.shell:Creating prefix chain script '/home/yurs/ros2_ws/install/setup.sh'
[21.262s] INFO:colcon.colcon_core.shell:Creating prefix script '/home/yurs/ros2_ws/install/local_setup.bash'
[21.262s] INFO:colcon.colcon_core.shell:Creating prefix chain script '/home/yurs/ros2_ws/install/setup.bash'
[21.268s] INFO:colcon.colcon_core.shell:Creating prefix script '/home/yurs/ros2_ws/install/local_setup.zsh'
[21.269s] INFO:colcon.colcon_core.shell:Creating prefix chain script '/home/yurs/ros2_ws/install/setup.zsh'
