[0.487s] DEBUG:colcon:Command line arguments: ['/usr/bin/colcon', 'build', '--packages-select', 'cpp_pubsub']
[0.487s] DEBUG:colcon:Parsed command line arguments: Namespace(log_base=None, log_level=None, verb_name='build', build_base='build', install_base='install', merge_install=False, symlink_install=False, test_result_base=None, continue_on_error=False, executor='parallel', parallel_workers=8, event_handlers=None, ignore_user_meta=False, metas=['./colcon.meta'], base_paths=['.'], packages_ignore=None, packages_ignore_regex=None, paths=None, packages_up_to=None, packages_up_to_regex=None, packages_above=None, packages_above_and_dependencies=None, packages_above_depth=None, packages_select_by_dep=None, packages_skip_by_dep=None, packages_skip_up_to=None, packages_select_build_failed=False, packages_skip_build_finished=False, packages_select_test_failures=False, packages_skip_test_passed=False, packages_select=['cpp_pubsub'], packages_skip=None, packages_select_regex=None, packages_skip_regex=None, packages_start=None, packages_end=None, cmake_args=None, cmake_target=None, cmake_target_skip_unavailable=False, cmake_clean_cache=False, cmake_clean_first=False, cmake_force_configure=False, ament_cmake_args=None, catkin_cmake_args=None, catkin_skip_building_tests=False, mixin_files=None, mixin=None, verb_parser=<colcon_mixin.mixin.mixin_argument.MixinArgumentDecorator object at 0x7f609c7e21a0>, verb_extension=<colcon_core.verb.build.BuildVerb object at 0x7f609c7e1cc0>, main=<bound method BuildVerb.main of <colcon_core.verb.build.BuildVerb object at 0x7f609c7e1cc0>>, mixin_verb=('build',))
[0.509s] Level 1:colcon.colcon_core.package_discovery:discover_packages(colcon_meta) check parameters
[0.509s] Level 1:colcon.colcon_core.package_discovery:discover_packages(recursive) check parameters
[0.509s] Level 1:colcon.colcon_core.package_discovery:discover_packages(ignore) check parameters
[0.509s] Level 1:colcon.colcon_core.package_discovery:discover_packages(path) check parameters
[0.509s] Level 1:colcon.colcon_core.package_discovery:discover_packages(colcon_meta) discover
[0.509s] Level 1:colcon.colcon_core.package_discovery:discover_packages(recursive) discover
[0.509s] INFO:colcon.colcon_core.package_discovery:Crawling recursively for packages in '/home/yurs/ros2_ws'
[0.509s] Level 1:colcon.colcon_core.package_identification:_identify(.) by extensions ['ignore', 'ignore_ament_install']
[0.509s] Level 1:colcon.colcon_core.package_identification:_identify(.) by extension 'ignore'
[0.510s] Level 1:colcon.colcon_core.package_identification:_identify(.) by extension 'ignore_ament_install'
[0.510s] Level 1:colcon.colcon_core.package_identification:_identify(.) by extensions ['colcon_pkg']
[0.510s] Level 1:colcon.colcon_core.package_identification:_identify(.) by extension 'colcon_pkg'
[0.510s] Level 1:colcon.colcon_core.package_identification:_identify(.) by extensions ['colcon_meta']
[0.510s] Level 1:colcon.colcon_core.package_identification:_identify(.) by extension 'colcon_meta'
[0.510s] Level 1:colcon.colcon_core.package_identification:_identify(.) by extensions ['ros']
[0.510s] Level 1:colcon.colcon_core.package_identification:_identify(.) by extension 'ros'
[0.516s] Level 1:colcon.colcon_core.package_identification:_identify(.) by extensions ['cmake', 'python']
[0.516s] Level 1:colcon.colcon_core.package_identification:_identify(.) by extension 'cmake'
[0.516s] Level 1:colcon.colcon_core.package_identification:_identify(.) by extension 'python'
[0.516s] Level 1:colcon.colcon_core.package_identification:_identify(.) by extensions ['python_setup_py']
[0.516s] Level 1:colcon.colcon_core.package_identification:_identify(.) by extension 'python_setup_py'
[0.517s] Level 1:colcon.colcon_core.package_identification:_identify(build) by extensions ['ignore', 'ignore_ament_install']
[0.517s] Level 1:colcon.colcon_core.package_identification:_identify(build) by extension 'ignore'
[0.517s] Level 1:colcon.colcon_core.package_identification:_identify(build) ignored
[0.517s] Level 1:colcon.colcon_core.package_identification:_identify(install) by extensions ['ignore', 'ignore_ament_install']
[0.517s] Level 1:colcon.colcon_core.package_identification:_identify(install) by extension 'ignore'
[0.517s] Level 1:colcon.colcon_core.package_identification:_identify(install) ignored
[0.517s] Level 1:colcon.colcon_core.package_identification:_identify(log) by extensions ['ignore', 'ignore_ament_install']
[0.517s] Level 1:colcon.colcon_core.package_identification:_identify(log) by extension 'ignore'
[0.517s] Level 1:colcon.colcon_core.package_identification:_identify(log) ignored
[0.517s] Level 1:colcon.colcon_core.package_identification:_identify(src) by extensions ['ignore', 'ignore_ament_install']
[0.517s] Level 1:colcon.colcon_core.package_identification:_identify(src) by extension 'ignore'
[0.517s] Level 1:colcon.colcon_core.package_identification:_identify(src) by extension 'ignore_ament_install'
[0.517s] Level 1:colcon.colcon_core.package_identification:_identify(src) by extensions ['colcon_pkg']
[0.517s] Level 1:colcon.colcon_core.package_identification:_identify(src) by extension 'colcon_pkg'
[0.517s] Level 1:colcon.colcon_core.package_identification:_identify(src) by extensions ['colcon_meta']
[0.517s] Level 1:colcon.colcon_core.package_identification:_identify(src) by extension 'colcon_meta'
[0.517s] Level 1:colcon.colcon_core.package_identification:_identify(src) by extensions ['ros']
[0.517s] Level 1:colcon.colcon_core.package_identification:_identify(src) by extension 'ros'
[0.517s] Level 1:colcon.colcon_core.package_identification:_identify(src) by extensions ['cmake', 'python']
[0.517s] Level 1:colcon.colcon_core.package_identification:_identify(src) by extension 'cmake'
[0.517s] Level 1:colcon.colcon_core.package_identification:_identify(src) by extension 'python'
[0.517s] Level 1:colcon.colcon_core.package_identification:_identify(src) by extensions ['python_setup_py']
[0.517s] Level 1:colcon.colcon_core.package_identification:_identify(src) by extension 'python_setup_py'
[0.517s] Level 1:colcon.colcon_core.package_identification:_identify(src/cpp_pubsub) by extensions ['ignore', 'ignore_ament_install']
[0.517s] Level 1:colcon.colcon_core.package_identification:_identify(src/cpp_pubsub) by extension 'ignore'
[0.517s] Level 1:colcon.colcon_core.package_identification:_identify(src/cpp_pubsub) by extension 'ignore_ament_install'
[0.517s] Level 1:colcon.colcon_core.package_identification:_identify(src/cpp_pubsub) by extensions ['colcon_pkg']
[0.518s] Level 1:colcon.colcon_core.package_identification:_identify(src/cpp_pubsub) by extension 'colcon_pkg'
[0.518s] Level 1:colcon.colcon_core.package_identification:_identify(src/cpp_pubsub) by extensions ['colcon_meta']
[0.518s] Level 1:colcon.colcon_core.package_identification:_identify(src/cpp_pubsub) by extension 'colcon_meta'
[0.518s] Level 1:colcon.colcon_core.package_identification:_identify(src/cpp_pubsub) by extensions ['ros']
[0.518s] Level 1:colcon.colcon_core.package_identification:_identify(src/cpp_pubsub) by extension 'ros'
[0.520s] DEBUG:colcon.colcon_core.package_identification:Package 'src/cpp_pubsub' with type 'ros.ament_cmake' and name 'cpp_pubsub'
[0.520s] Level 1:colcon.colcon_core.package_identification:_identify(src/my_package) by extensions ['ignore', 'ignore_ament_install']
[0.520s] Level 1:colcon.colcon_core.package_identification:_identify(src/my_package) by extension 'ignore'
[0.520s] Level 1:colcon.colcon_core.package_identification:_identify(src/my_package) by extension 'ignore_ament_install'
[0.520s] Level 1:colcon.colcon_core.package_identification:_identify(src/my_package) by extensions ['colcon_pkg']
[0.520s] Level 1:colcon.colcon_core.package_identification:_identify(src/my_package) by extension 'colcon_pkg'
[0.520s] Level 1:colcon.colcon_core.package_identification:_identify(src/my_package) by extensions ['colcon_meta']
[0.520s] Level 1:colcon.colcon_core.package_identification:_identify(src/my_package) by extension 'colcon_meta'
[0.520s] Level 1:colcon.colcon_core.package_identification:_identify(src/my_package) by extensions ['ros']
[0.520s] Level 1:colcon.colcon_core.package_identification:_identify(src/my_package) by extension 'ros'
[0.520s] DEBUG:colcon.colcon_core.package_identification:Package 'src/my_package' with type 'ros.ament_cmake' and name 'my_package'
[0.520s] Level 1:colcon.colcon_core.package_discovery:discover_packages(recursive) using defaults
[0.520s] Level 1:colcon.colcon_core.package_discovery:discover_packages(ignore) discover
[0.520s] Level 1:colcon.colcon_core.package_discovery:discover_packages(ignore) using defaults
[0.520s] Level 1:colcon.colcon_core.package_discovery:discover_packages(path) discover
[0.520s] Level 1:colcon.colcon_core.package_discovery:discover_packages(path) using defaults
[0.548s] INFO:colcon.colcon_core.package_selection:Skipping not selected package 'my_package' in 'src/my_package'
[0.553s] Level 5:colcon.colcon_core.verb:set package 'cpp_pubsub' build argument 'cmake_args' from command line to 'None'
[0.553s] Level 5:colcon.colcon_core.verb:set package 'cpp_pubsub' build argument 'cmake_target' from command line to 'None'
[0.553s] Level 5:colcon.colcon_core.verb:set package 'cpp_pubsub' build argument 'cmake_target_skip_unavailable' from command line to 'False'
[0.553s] Level 5:colcon.colcon_core.verb:set package 'cpp_pubsub' build argument 'cmake_clean_cache' from command line to 'False'
[0.553s] Level 5:colcon.colcon_core.verb:set package 'cpp_pubsub' build argument 'cmake_clean_first' from command line to 'False'
[0.553s] Level 5:colcon.colcon_core.verb:set package 'cpp_pubsub' build argument 'cmake_force_configure' from command line to 'False'
[0.553s] Level 5:colcon.colcon_core.verb:set package 'cpp_pubsub' build argument 'ament_cmake_args' from command line to 'None'
[0.553s] Level 5:colcon.colcon_core.verb:set package 'cpp_pubsub' build argument 'catkin_cmake_args' from command line to 'None'
[0.553s] Level 5:colcon.colcon_core.verb:set package 'cpp_pubsub' build argument 'catkin_skip_building_tests' from command line to 'False'
[0.554s] DEBUG:colcon.colcon_core.verb:Building package 'cpp_pubsub' with the following arguments: {'ament_cmake_args': None, 'build_base': '/home/yurs/ros2_ws/build/cpp_pubsub', 'catkin_cmake_args': None, 'catkin_skip_building_tests': False, 'cmake_args': None, 'cmake_clean_cache': False, 'cmake_clean_first': False, 'cmake_force_configure': False, 'cmake_target': None, 'cmake_target_skip_unavailable': False, 'install_base': '/home/yurs/ros2_ws/install/cpp_pubsub', 'merge_install': False, 'path': '/home/yurs/ros2_ws/src/cpp_pubsub', 'symlink_install': False, 'test_result_base': None}
[0.559s] INFO:colcon.colcon_core.executor:Executing jobs using 'parallel' executor
[0.565s] DEBUG:colcon.colcon_parallel_executor.executor.parallel:run_until_complete
[0.565s] INFO:colcon.colcon_ros.task.ament_cmake.build:Building ROS package in '/home/yurs/ros2_ws/src/cpp_pubsub' with build type 'ament_cmake'
[0.565s] INFO:colcon.colcon_cmake.task.cmake.build:Building CMake package in '/home/yurs/ros2_ws/src/cpp_pubsub'
[0.573s] INFO:colcon.colcon_core.plugin_system:Skipping extension 'colcon_core.shell.bat': Not used on non-Windows systems
[0.573s] INFO:colcon.colcon_core.shell:Skip shell extension 'powershell' for command environment: Not usable outside of PowerShell
[0.573s] DEBUG:colcon.colcon_core.shell:Skip shell extension 'dsv' for command environment
[0.597s] DEBUG:colcon.colcon_core.event_handler.log_command:Invoking command in '/home/yurs/ros2_ws/build/cpp_pubsub': CMAKE_PREFIX_PATH=${CMAKE_PREFIX_PATH}:/opt/ros/humble /usr/bin/cmake --build /home/yurs/ros2_ws/build/cpp_pubsub -- -j8 -l8
[1.573s] DEBUG:colcon.colcon_core.event_handler.log_command:Invoked command in '/home/yurs/ros2_ws/build/cpp_pubsub' returned '2': CMAKE_PREFIX_PATH=${CMAKE_PREFIX_PATH}:/opt/ros/humble /usr/bin/cmake --build /home/yurs/ros2_ws/build/cpp_pubsub -- -j8 -l8
[1.598s] Level 1:colcon.colcon_core.environment:create_environment_scripts_only(cpp_pubsub)
[1.605s] Level 1:colcon.colcon_core.environment:checking '/home/yurs/ros2_ws/install/cpp_pubsub' for CMake module files
[1.606s] Level 1:colcon.colcon_core.environment:checking '/home/yurs/ros2_ws/install/cpp_pubsub' for CMake config files
[1.606s] Level 1:colcon.colcon_core.shell:create_environment_hook('cpp_pubsub', 'cmake_prefix_path')
[1.612s] INFO:colcon.colcon_core.shell:Creating environment hook '/home/yurs/ros2_ws/install/cpp_pubsub/share/cpp_pubsub/hook/cmake_prefix_path.ps1'
[1.612s] INFO:colcon.colcon_core.shell:Creating environment descriptor '/home/yurs/ros2_ws/install/cpp_pubsub/share/cpp_pubsub/hook/cmake_prefix_path.dsv'
[1.612s] INFO:colcon.colcon_core.shell:Creating environment hook '/home/yurs/ros2_ws/install/cpp_pubsub/share/cpp_pubsub/hook/cmake_prefix_path.sh'
[1.613s] Level 1:colcon.colcon_core.environment:checking '/home/yurs/ros2_ws/install/cpp_pubsub/lib'
[1.613s] Level 1:colcon.colcon_core.environment:checking '/home/yurs/ros2_ws/install/cpp_pubsub/bin'
[1.613s] Level 1:colcon.colcon_core.environment:checking '/home/yurs/ros2_ws/install/cpp_pubsub/lib/pkgconfig/cpp_pubsub.pc'
[1.614s] Level 1:colcon.colcon_core.environment:checking '/home/yurs/ros2_ws/install/cpp_pubsub/lib/python3.10/site-packages'
[1.614s] Level 1:colcon.colcon_core.environment:checking '/home/yurs/ros2_ws/install/cpp_pubsub/bin'
[1.620s] INFO:colcon.colcon_core.shell:Creating package script '/home/yurs/ros2_ws/install/cpp_pubsub/share/cpp_pubsub/package.ps1'
[1.621s] INFO:colcon.colcon_core.shell:Creating package descriptor '/home/yurs/ros2_ws/install/cpp_pubsub/share/cpp_pubsub/package.dsv'
[1.621s] INFO:colcon.colcon_core.shell:Creating package script '/home/yurs/ros2_ws/install/cpp_pubsub/share/cpp_pubsub/package.sh'
[1.621s] INFO:colcon.colcon_core.shell:Creating package script '/home/yurs/ros2_ws/install/cpp_pubsub/share/cpp_pubsub/package.bash'
[1.622s] INFO:colcon.colcon_core.shell:Creating package script '/home/yurs/ros2_ws/install/cpp_pubsub/share/cpp_pubsub/package.zsh'
[1.622s] Level 1:colcon.colcon_core.environment:create_file_with_runtime_dependencies(/home/yurs/ros2_ws/install/cpp_pubsub/share/colcon-core/packages/cpp_pubsub)
[1.633s] DEBUG:colcon.colcon_parallel_executor.executor.parallel:closing loop
[1.633s] DEBUG:colcon.colcon_parallel_executor.executor.parallel:loop closed
[1.633s] DEBUG:colcon.colcon_parallel_executor.executor.parallel:run_until_complete finished with '2'
[1.633s] DEBUG:colcon.colcon_core.event_reactor:joining thread
[1.643s] INFO:colcon.colcon_core.plugin_system:Skipping extension 'colcon_notification.desktop_notification.notify_send': Could not find 'notify-send'
[1.643s] INFO:colcon.colcon_core.plugin_system:Skipping extension 'colcon_notification.desktop_notification.terminal_notifier': Not used on non-Darwin systems
[1.643s] INFO:colcon.colcon_core.plugin_system:Skipping extension 'colcon_notification.desktop_notification.win32': Not used on non-Windows systems
[1.643s] INFO:colcon.colcon_notification.desktop_notification:Sending desktop notification using 'notify2'
[1.645s] DEBUG:colcon.colcon_notification.desktop_notification.notify2:Failed to initialize notify2: org.freedesktop.DBus.Error.Spawn.ExecFailed: /usr/bin/dbus-launch terminated abnormally without any error message
[1.645s] DEBUG:colcon.colcon_core.event_reactor:joined thread
[1.651s] INFO:colcon.colcon_core.shell:Creating prefix script '/home/yurs/ros2_ws/install/local_setup.ps1'
[1.652s] INFO:colcon.colcon_core.shell:Creating prefix util module '/home/yurs/ros2_ws/install/_local_setup_util_ps1.py'
[1.653s] INFO:colcon.colcon_core.shell:Creating prefix chain script '/home/yurs/ros2_ws/install/setup.ps1'
[1.660s] INFO:colcon.colcon_core.shell:Creating prefix script '/home/yurs/ros2_ws/install/local_setup.sh'
[1.660s] INFO:colcon.colcon_core.shell:Creating prefix util module '/home/yurs/ros2_ws/install/_local_setup_util_sh.py'
[1.661s] INFO:colcon.colcon_core.shell:Creating prefix chain script '/home/yurs/ros2_ws/install/setup.sh'
[1.667s] INFO:colcon.colcon_core.shell:Creating prefix script '/home/yurs/ros2_ws/install/local_setup.bash'
[1.668s] INFO:colcon.colcon_core.shell:Creating prefix chain script '/home/yurs/ros2_ws/install/setup.bash'
[1.675s] INFO:colcon.colcon_core.shell:Creating prefix script '/home/yurs/ros2_ws/install/local_setup.zsh'
[1.675s] INFO:colcon.colcon_core.shell:Creating prefix chain script '/home/yurs/ros2_ws/install/setup.zsh'
