[0.528s] DEBUG:colcon:Command line arguments: ['/usr/bin/colcon', 'build', '--symlink-install', '--cmake-clean-first']
[0.528s] DEBUG:colcon:Parsed command line arguments: Namespace(log_base=None, log_level=None, verb_name='build', build_base='build', install_base='install', merge_install=False, symlink_install=True, test_result_base=None, continue_on_error=False, executor='parallel', parallel_workers=8, event_handlers=None, ignore_user_meta=False, metas=['./colcon.meta'], base_paths=['.'], packages_ignore=None, packages_ignore_regex=None, paths=None, packages_up_to=None, packages_up_to_regex=None, packages_above=None, packages_above_and_dependencies=None, packages_above_depth=None, packages_select_by_dep=None, packages_skip_by_dep=None, packages_skip_up_to=None, packages_select_build_failed=False, packages_skip_build_finished=False, packages_select_test_failures=False, packages_skip_test_passed=False, packages_select=None, packages_skip=None, packages_select_regex=None, packages_skip_regex=None, packages_start=None, packages_end=None, cmake_args=None, cmake_target=None, cmake_target_skip_unavailable=False, cmake_clean_cache=False, cmake_clean_first=True, cmake_force_configure=False, ament_cmake_args=None, catkin_cmake_args=None, catkin_skip_building_tests=False, mixin_files=None, mixin=None, verb_parser=<colcon_mixin.mixin.mixin_argument.MixinArgumentDecorator object at 0x7fdfded9e1d0>, verb_extension=<colcon_core.verb.build.BuildVerb object at 0x7fdfded9dcf0>, main=<bound method BuildVerb.main of <colcon_core.verb.build.BuildVerb object at 0x7fdfded9dcf0>>, mixin_verb=('build',))
[0.550s] Level 1:colcon.colcon_core.package_discovery:discover_packages(colcon_meta) check parameters
[0.551s] Level 1:colcon.colcon_core.package_discovery:discover_packages(recursive) check parameters
[0.551s] Level 1:colcon.colcon_core.package_discovery:discover_packages(ignore) check parameters
[0.551s] Level 1:colcon.colcon_core.package_discovery:discover_packages(path) check parameters
[0.551s] Level 1:colcon.colcon_core.package_discovery:discover_packages(colcon_meta) discover
[0.551s] Level 1:colcon.colcon_core.package_discovery:discover_packages(recursive) discover
[0.551s] INFO:colcon.colcon_core.package_discovery:Crawling recursively for packages in '/home/yurs/ros2_ws'
[0.551s] Level 1:colcon.colcon_core.package_identification:_identify(.) by extensions ['ignore', 'ignore_ament_install']
[0.551s] Level 1:colcon.colcon_core.package_identification:_identify(.) by extension 'ignore'
[0.551s] Level 1:colcon.colcon_core.package_identification:_identify(.) by extension 'ignore_ament_install'
[0.551s] Level 1:colcon.colcon_core.package_identification:_identify(.) by extensions ['colcon_pkg']
[0.551s] Level 1:colcon.colcon_core.package_identification:_identify(.) by extension 'colcon_pkg'
[0.551s] Level 1:colcon.colcon_core.package_identification:_identify(.) by extensions ['colcon_meta']
[0.551s] Level 1:colcon.colcon_core.package_identification:_identify(.) by extension 'colcon_meta'
[0.551s] Level 1:colcon.colcon_core.package_identification:_identify(.) by extensions ['ros']
[0.551s] Level 1:colcon.colcon_core.package_identification:_identify(.) by extension 'ros'
[0.558s] Level 1:colcon.colcon_core.package_identification:_identify(.) by extensions ['cmake', 'python']
[0.558s] Level 1:colcon.colcon_core.package_identification:_identify(.) by extension 'cmake'
[0.558s] Level 1:colcon.colcon_core.package_identification:_identify(.) by extension 'python'
[0.558s] Level 1:colcon.colcon_core.package_identification:_identify(.) by extensions ['python_setup_py']
[0.558s] Level 1:colcon.colcon_core.package_identification:_identify(.) by extension 'python_setup_py'
[0.558s] Level 1:colcon.colcon_core.package_identification:_identify(build) by extensions ['ignore', 'ignore_ament_install']
[0.558s] Level 1:colcon.colcon_core.package_identification:_identify(build) by extension 'ignore'
[0.559s] Level 1:colcon.colcon_core.package_identification:_identify(build) ignored
[0.559s] Level 1:colcon.colcon_core.package_identification:_identify(install) by extensions ['ignore', 'ignore_ament_install']
[0.559s] Level 1:colcon.colcon_core.package_identification:_identify(install) by extension 'ignore'
[0.559s] Level 1:colcon.colcon_core.package_identification:_identify(install) ignored
[0.559s] Level 1:colcon.colcon_core.package_identification:_identify(log) by extensions ['ignore', 'ignore_ament_install']
[0.559s] Level 1:colcon.colcon_core.package_identification:_identify(log) by extension 'ignore'
[0.559s] Level 1:colcon.colcon_core.package_identification:_identify(log) ignored
[0.559s] Level 1:colcon.colcon_core.package_identification:_identify(src) by extensions ['ignore', 'ignore_ament_install']
[0.559s] Level 1:colcon.colcon_core.package_identification:_identify(src) by extension 'ignore'
[0.559s] Level 1:colcon.colcon_core.package_identification:_identify(src) by extension 'ignore_ament_install'
[0.559s] Level 1:colcon.colcon_core.package_identification:_identify(src) by extensions ['colcon_pkg']
[0.559s] Level 1:colcon.colcon_core.package_identification:_identify(src) by extension 'colcon_pkg'
[0.559s] Level 1:colcon.colcon_core.package_identification:_identify(src) by extensions ['colcon_meta']
[0.559s] Level 1:colcon.colcon_core.package_identification:_identify(src) by extension 'colcon_meta'
[0.559s] Level 1:colcon.colcon_core.package_identification:_identify(src) by extensions ['ros']
[0.559s] Level 1:colcon.colcon_core.package_identification:_identify(src) by extension 'ros'
[0.559s] Level 1:colcon.colcon_core.package_identification:_identify(src) by extensions ['cmake', 'python']
[0.559s] Level 1:colcon.colcon_core.package_identification:_identify(src) by extension 'cmake'
[0.559s] Level 1:colcon.colcon_core.package_identification:_identify(src) by extension 'python'
[0.559s] Level 1:colcon.colcon_core.package_identification:_identify(src) by extensions ['python_setup_py']
[0.559s] Level 1:colcon.colcon_core.package_identification:_identify(src) by extension 'python_setup_py'
[0.559s] Level 1:colcon.colcon_core.package_identification:_identify(src/cpp_pubsub) by extensions ['ignore', 'ignore_ament_install']
[0.559s] Level 1:colcon.colcon_core.package_identification:_identify(src/cpp_pubsub) by extension 'ignore'
[0.559s] Level 1:colcon.colcon_core.package_identification:_identify(src/cpp_pubsub) by extension 'ignore_ament_install'
[0.560s] Level 1:colcon.colcon_core.package_identification:_identify(src/cpp_pubsub) by extensions ['colcon_pkg']
[0.560s] Level 1:colcon.colcon_core.package_identification:_identify(src/cpp_pubsub) by extension 'colcon_pkg'
[0.560s] Level 1:colcon.colcon_core.package_identification:_identify(src/cpp_pubsub) by extensions ['colcon_meta']
[0.560s] Level 1:colcon.colcon_core.package_identification:_identify(src/cpp_pubsub) by extension 'colcon_meta'
[0.560s] Level 1:colcon.colcon_core.package_identification:_identify(src/cpp_pubsub) by extensions ['ros']
[0.560s] Level 1:colcon.colcon_core.package_identification:_identify(src/cpp_pubsub) by extension 'ros'
[0.563s] DEBUG:colcon.colcon_core.package_identification:Package 'src/cpp_pubsub' with type 'ros.ament_cmake' and name 'cpp_pubsub'
[0.563s] Level 1:colcon.colcon_core.package_identification:_identify(src/my_package) by extensions ['ignore', 'ignore_ament_install']
[0.563s] Level 1:colcon.colcon_core.package_identification:_identify(src/my_package) by extension 'ignore'
[0.563s] Level 1:colcon.colcon_core.package_identification:_identify(src/my_package) by extension 'ignore_ament_install'
[0.563s] Level 1:colcon.colcon_core.package_identification:_identify(src/my_package) by extensions ['colcon_pkg']
[0.563s] Level 1:colcon.colcon_core.package_identification:_identify(src/my_package) by extension 'colcon_pkg'
[0.563s] Level 1:colcon.colcon_core.package_identification:_identify(src/my_package) by extensions ['colcon_meta']
[0.563s] Level 1:colcon.colcon_core.package_identification:_identify(src/my_package) by extension 'colcon_meta'
[0.563s] Level 1:colcon.colcon_core.package_identification:_identify(src/my_package) by extensions ['ros']
[0.563s] Level 1:colcon.colcon_core.package_identification:_identify(src/my_package) by extension 'ros'
[0.564s] DEBUG:colcon.colcon_core.package_identification:Package 'src/my_package' with type 'ros.ament_cmake' and name 'my_package'
[0.564s] Level 1:colcon.colcon_core.package_discovery:discover_packages(recursive) using defaults
[0.564s] Level 1:colcon.colcon_core.package_discovery:discover_packages(ignore) discover
[0.564s] Level 1:colcon.colcon_core.package_discovery:discover_packages(ignore) using defaults
[0.564s] Level 1:colcon.colcon_core.package_discovery:discover_packages(path) discover
[0.564s] Level 1:colcon.colcon_core.package_discovery:discover_packages(path) using defaults
[0.601s] Level 5:colcon.colcon_core.verb:set package 'cpp_pubsub' build argument 'cmake_args' from command line to 'None'
[0.601s] Level 5:colcon.colcon_core.verb:set package 'cpp_pubsub' build argument 'cmake_target' from command line to 'None'
[0.601s] Level 5:colcon.colcon_core.verb:set package 'cpp_pubsub' build argument 'cmake_target_skip_unavailable' from command line to 'False'
[0.601s] Level 5:colcon.colcon_core.verb:set package 'cpp_pubsub' build argument 'cmake_clean_cache' from command line to 'False'
[0.601s] Level 5:colcon.colcon_core.verb:set package 'cpp_pubsub' build argument 'cmake_clean_first' from command line to 'True'
[0.601s] Level 5:colcon.colcon_core.verb:set package 'cpp_pubsub' build argument 'cmake_force_configure' from command line to 'False'
[0.601s] Level 5:colcon.colcon_core.verb:set package 'cpp_pubsub' build argument 'ament_cmake_args' from command line to 'None'
[0.601s] Level 5:colcon.colcon_core.verb:set package 'cpp_pubsub' build argument 'catkin_cmake_args' from command line to 'None'
[0.601s] Level 5:colcon.colcon_core.verb:set package 'cpp_pubsub' build argument 'catkin_skip_building_tests' from command line to 'False'
[0.601s] DEBUG:colcon.colcon_core.verb:Building package 'cpp_pubsub' with the following arguments: {'ament_cmake_args': None, 'build_base': '/home/yurs/ros2_ws/build/cpp_pubsub', 'catkin_cmake_args': None, 'catkin_skip_building_tests': False, 'cmake_args': None, 'cmake_clean_cache': False, 'cmake_clean_first': True, 'cmake_force_configure': False, 'cmake_target': None, 'cmake_target_skip_unavailable': False, 'install_base': '/home/yurs/ros2_ws/install/cpp_pubsub', 'merge_install': False, 'path': '/home/yurs/ros2_ws/src/cpp_pubsub', 'symlink_install': True, 'test_result_base': None}
[0.609s] Level 5:colcon.colcon_core.verb:set package 'my_package' build argument 'cmake_args' from command line to 'None'
[0.609s] Level 5:colcon.colcon_core.verb:set package 'my_package' build argument 'cmake_target' from command line to 'None'
[0.609s] Level 5:colcon.colcon_core.verb:set package 'my_package' build argument 'cmake_target_skip_unavailable' from command line to 'False'
[0.609s] Level 5:colcon.colcon_core.verb:set package 'my_package' build argument 'cmake_clean_cache' from command line to 'False'
[0.609s] Level 5:colcon.colcon_core.verb:set package 'my_package' build argument 'cmake_clean_first' from command line to 'True'
[0.609s] Level 5:colcon.colcon_core.verb:set package 'my_package' build argument 'cmake_force_configure' from command line to 'False'
[0.609s] Level 5:colcon.colcon_core.verb:set package 'my_package' build argument 'ament_cmake_args' from command line to 'None'
[0.609s] Level 5:colcon.colcon_core.verb:set package 'my_package' build argument 'catkin_cmake_args' from command line to 'None'
[0.609s] Level 5:colcon.colcon_core.verb:set package 'my_package' build argument 'catkin_skip_building_tests' from command line to 'False'
[0.609s] DEBUG:colcon.colcon_core.verb:Building package 'my_package' with the following arguments: {'ament_cmake_args': None, 'build_base': '/home/yurs/ros2_ws/build/my_package', 'catkin_cmake_args': None, 'catkin_skip_building_tests': False, 'cmake_args': None, 'cmake_clean_cache': False, 'cmake_clean_first': True, 'cmake_force_configure': False, 'cmake_target': None, 'cmake_target_skip_unavailable': False, 'install_base': '/home/yurs/ros2_ws/install/my_package', 'merge_install': False, 'path': '/home/yurs/ros2_ws/src/my_package', 'symlink_install': True, 'test_result_base': None}
[0.615s] INFO:colcon.colcon_core.executor:Executing jobs using 'parallel' executor
[0.621s] DEBUG:colcon.colcon_parallel_executor.executor.parallel:run_until_complete
[0.622s] INFO:colcon.colcon_ros.task.ament_cmake.build:Building ROS package in '/home/yurs/ros2_ws/src/cpp_pubsub' with build type 'ament_cmake'
[0.622s] INFO:colcon.colcon_cmake.task.cmake.build:Building CMake package in '/home/yurs/ros2_ws/src/cpp_pubsub'
[0.629s] INFO:colcon.colcon_core.plugin_system:Skipping extension 'colcon_core.shell.bat': Not used on non-Windows systems
[0.629s] INFO:colcon.colcon_core.shell:Skip shell extension 'powershell' for command environment: Not usable outside of PowerShell
[0.629s] DEBUG:colcon.colcon_core.shell:Skip shell extension 'dsv' for command environment
[0.651s] INFO:colcon.colcon_ros.task.ament_cmake.build:Building ROS package in '/home/yurs/ros2_ws/src/my_package' with build type 'ament_cmake'
[0.651s] INFO:colcon.colcon_cmake.task.cmake.build:Building CMake package in '/home/yurs/ros2_ws/src/my_package'
[0.659s] INFO:colcon.colcon_core.shell:Skip shell extension 'powershell' for command environment: Not usable outside of PowerShell
[0.659s] DEBUG:colcon.colcon_core.shell:Skip shell extension 'dsv' for command environment
[0.679s] DEBUG:colcon.colcon_core.event_handler.log_command:Invoking command in '/home/yurs/ros2_ws/build/cpp_pubsub': CMAKE_PREFIX_PATH=${CMAKE_PREFIX_PATH}:/opt/ros/humble /usr/bin/cmake /home/yurs/ros2_ws/src/cpp_pubsub -DAMENT_CMAKE_SYMLINK_INSTALL=1 -DCMAKE_INSTALL_PREFIX=/home/yurs/ros2_ws/install/cpp_pubsub
[0.683s] DEBUG:colcon.colcon_core.event_handler.log_command:Invoking command in '/home/yurs/ros2_ws/build/my_package': CMAKE_PREFIX_PATH=${CMAKE_PREFIX_PATH}:/opt/ros/humble /usr/bin/cmake /home/yurs/ros2_ws/src/my_package -DAMENT_CMAKE_SYMLINK_INSTALL=1 -DCMAKE_INSTALL_PREFIX=/home/yurs/ros2_ws/install/my_package
[0.845s] DEBUG:colcon.colcon_core.event_handler.log_command:Invoked command in '/home/yurs/ros2_ws/build/my_package' returned '0': CMAKE_PREFIX_PATH=${CMAKE_PREFIX_PATH}:/opt/ros/humble /usr/bin/cmake /home/yurs/ros2_ws/src/my_package -DAMENT_CMAKE_SYMLINK_INSTALL=1 -DCMAKE_INSTALL_PREFIX=/home/yurs/ros2_ws/install/my_package
[0.847s] DEBUG:colcon.colcon_core.event_handler.log_command:Invoking command in '/home/yurs/ros2_ws/build/my_package': CMAKE_PREFIX_PATH=${CMAKE_PREFIX_PATH}:/opt/ros/humble /usr/bin/cmake --build /home/yurs/ros2_ws/build/my_package --clean-first -- -j8 -l8
[0.969s] DEBUG:colcon.colcon_core.event_handler.log_command:Invoked command in '/home/yurs/ros2_ws/build/my_package' returned '0': CMAKE_PREFIX_PATH=${CMAKE_PREFIX_PATH}:/opt/ros/humble /usr/bin/cmake --build /home/yurs/ros2_ws/build/my_package --clean-first -- -j8 -l8
[0.995s] DEBUG:colcon.colcon_core.event_handler.log_command:Invoking command in '/home/yurs/ros2_ws/build/my_package': CMAKE_PREFIX_PATH=${CMAKE_PREFIX_PATH}:/opt/ros/humble /usr/bin/cmake --install /home/yurs/ros2_ws/build/my_package
[1.103s] Level 1:colcon.colcon_core.environment:create_environment_scripts_only(my_package)
[1.103s] DEBUG:colcon.colcon_core.event_handler.log_command:Invoked command in '/home/yurs/ros2_ws/build/my_package' returned '0': CMAKE_PREFIX_PATH=${CMAKE_PREFIX_PATH}:/opt/ros/humble /usr/bin/cmake --install /home/yurs/ros2_ws/build/my_package
[1.117s] Level 1:colcon.colcon_core.environment:checking '/home/yurs/ros2_ws/install/my_package' for CMake module files
[1.118s] Level 1:colcon.colcon_core.environment:checking '/home/yurs/ros2_ws/install/my_package' for CMake config files
[1.118s] Level 1:colcon.colcon_core.shell:create_environment_hook('my_package', 'cmake_prefix_path')
[1.126s] INFO:colcon.colcon_core.shell:Creating environment hook '/home/yurs/ros2_ws/install/my_package/share/my_package/hook/cmake_prefix_path.ps1'
[1.126s] INFO:colcon.colcon_core.shell:Creating environment descriptor '/home/yurs/ros2_ws/install/my_package/share/my_package/hook/cmake_prefix_path.dsv'
[1.127s] INFO:colcon.colcon_core.shell:Creating environment hook '/home/yurs/ros2_ws/install/my_package/share/my_package/hook/cmake_prefix_path.sh'
[1.127s] Level 1:colcon.colcon_core.environment:checking '/home/yurs/ros2_ws/install/my_package/lib'
[1.128s] Level 1:colcon.colcon_core.environment:checking '/home/yurs/ros2_ws/install/my_package/bin'
[1.128s] Level 1:colcon.colcon_core.environment:checking '/home/yurs/ros2_ws/install/my_package/lib/pkgconfig/my_package.pc'
[1.129s] Level 1:colcon.colcon_core.environment:checking '/home/yurs/ros2_ws/install/my_package/lib/python3.10/site-packages'
[1.129s] Level 1:colcon.colcon_core.environment:checking '/home/yurs/ros2_ws/install/my_package/bin'
[1.135s] INFO:colcon.colcon_core.shell:Creating package script '/home/yurs/ros2_ws/install/my_package/share/my_package/package.ps1'
[1.136s] INFO:colcon.colcon_core.shell:Creating package descriptor '/home/yurs/ros2_ws/install/my_package/share/my_package/package.dsv'
[1.136s] INFO:colcon.colcon_core.shell:Creating package script '/home/yurs/ros2_ws/install/my_package/share/my_package/package.sh'
[1.137s] INFO:colcon.colcon_core.shell:Creating package script '/home/yurs/ros2_ws/install/my_package/share/my_package/package.bash'
[1.137s] INFO:colcon.colcon_core.shell:Creating package script '/home/yurs/ros2_ws/install/my_package/share/my_package/package.zsh'
[1.138s] Level 1:colcon.colcon_core.environment:create_file_with_runtime_dependencies(/home/yurs/ros2_ws/install/my_package/share/colcon-core/packages/my_package)
[1.184s] Level 1:colcon.colcon_core.environment:create_environment_scripts_only(my_package)
[1.195s] Level 1:colcon.colcon_core.environment:checking '/home/yurs/ros2_ws/install/my_package' for CMake module files
[1.196s] Level 1:colcon.colcon_core.environment:checking '/home/yurs/ros2_ws/install/my_package' for CMake config files
[1.197s] Level 1:colcon.colcon_core.shell:create_environment_hook('my_package', 'cmake_prefix_path')
[1.208s] INFO:colcon.colcon_core.shell:Creating environment hook '/home/yurs/ros2_ws/install/my_package/share/my_package/hook/cmake_prefix_path.ps1'
[1.208s] INFO:colcon.colcon_core.shell:Creating environment descriptor '/home/yurs/ros2_ws/install/my_package/share/my_package/hook/cmake_prefix_path.dsv'
[1.209s] INFO:colcon.colcon_core.shell:Creating environment hook '/home/yurs/ros2_ws/install/my_package/share/my_package/hook/cmake_prefix_path.sh'
[1.209s] Level 1:colcon.colcon_core.environment:checking '/home/yurs/ros2_ws/install/my_package/lib'
[1.209s] Level 1:colcon.colcon_core.environment:checking '/home/yurs/ros2_ws/install/my_package/bin'
[1.209s] Level 1:colcon.colcon_core.environment:checking '/home/yurs/ros2_ws/install/my_package/lib/pkgconfig/my_package.pc'
[1.209s] Level 1:colcon.colcon_core.environment:checking '/home/yurs/ros2_ws/install/my_package/lib/python3.10/site-packages'
[1.209s] Level 1:colcon.colcon_core.environment:checking '/home/yurs/ros2_ws/install/my_package/bin'
[1.216s] INFO:colcon.colcon_core.shell:Creating package script '/home/yurs/ros2_ws/install/my_package/share/my_package/package.ps1'
[1.216s] INFO:colcon.colcon_core.shell:Creating package descriptor '/home/yurs/ros2_ws/install/my_package/share/my_package/package.dsv'
[1.217s] INFO:colcon.colcon_core.shell:Creating package script '/home/yurs/ros2_ws/install/my_package/share/my_package/package.sh'
[1.217s] INFO:colcon.colcon_core.shell:Creating package script '/home/yurs/ros2_ws/install/my_package/share/my_package/package.bash'
[1.217s] INFO:colcon.colcon_core.shell:Creating package script '/home/yurs/ros2_ws/install/my_package/share/my_package/package.zsh'
[1.217s] Level 1:colcon.colcon_core.environment:create_file_with_runtime_dependencies(/home/yurs/ros2_ws/install/my_package/share/colcon-core/packages/my_package)
[1.863s] DEBUG:colcon.colcon_core.event_handler.log_command:Invoked command in '/home/yurs/ros2_ws/build/cpp_pubsub' returned '0': CMAKE_PREFIX_PATH=${CMAKE_PREFIX_PATH}:/opt/ros/humble /usr/bin/cmake /home/yurs/ros2_ws/src/cpp_pubsub -DAMENT_CMAKE_SYMLINK_INSTALL=1 -DCMAKE_INSTALL_PREFIX=/home/yurs/ros2_ws/install/cpp_pubsub
[1.865s] DEBUG:colcon.colcon_core.event_handler.log_command:Invoking command in '/home/yurs/ros2_ws/build/cpp_pubsub': CMAKE_PREFIX_PATH=${CMAKE_PREFIX_PATH}:/opt/ros/humble /usr/bin/cmake --build /home/yurs/ros2_ws/build/cpp_pubsub --clean-first -- -j8 -l8
[23.301s] DEBUG:colcon.colcon_core.event_handler.log_command:Invoked command in '/home/yurs/ros2_ws/build/cpp_pubsub' returned '0': CMAKE_PREFIX_PATH=${CMAKE_PREFIX_PATH}:/opt/ros/humble /usr/bin/cmake --build /home/yurs/ros2_ws/build/cpp_pubsub --clean-first -- -j8 -l8
[23.321s] DEBUG:colcon.colcon_core.event_handler.log_command:Invoking command in '/home/yurs/ros2_ws/build/cpp_pubsub': CMAKE_PREFIX_PATH=${CMAKE_PREFIX_PATH}:/opt/ros/humble /usr/bin/cmake --install /home/yurs/ros2_ws/build/cpp_pubsub
[23.445s] Level 1:colcon.colcon_core.environment:create_environment_scripts_only(cpp_pubsub)
[23.445s] DEBUG:colcon.colcon_core.event_handler.log_command:Invoked command in '/home/yurs/ros2_ws/build/cpp_pubsub' returned '0': CMAKE_PREFIX_PATH=${CMAKE_PREFIX_PATH}:/opt/ros/humble /usr/bin/cmake --install /home/yurs/ros2_ws/build/cpp_pubsub
[23.451s] Level 1:colcon.colcon_core.environment:checking '/home/yurs/ros2_ws/install/cpp_pubsub' for CMake module files
[23.451s] Level 1:colcon.colcon_core.environment:checking '/home/yurs/ros2_ws/install/cpp_pubsub' for CMake config files
[23.452s] Level 1:colcon.colcon_core.shell:create_environment_hook('cpp_pubsub', 'cmake_prefix_path')
[23.458s] INFO:colcon.colcon_core.shell:Creating environment hook '/home/yurs/ros2_ws/install/cpp_pubsub/share/cpp_pubsub/hook/cmake_prefix_path.ps1'
[23.458s] INFO:colcon.colcon_core.shell:Creating environment descriptor '/home/yurs/ros2_ws/install/cpp_pubsub/share/cpp_pubsub/hook/cmake_prefix_path.dsv'
[23.458s] INFO:colcon.colcon_core.shell:Creating environment hook '/home/yurs/ros2_ws/install/cpp_pubsub/share/cpp_pubsub/hook/cmake_prefix_path.sh'
[23.459s] Level 1:colcon.colcon_core.environment:checking '/home/yurs/ros2_ws/install/cpp_pubsub/lib'
[23.459s] Level 1:colcon.colcon_core.environment:checking '/home/yurs/ros2_ws/install/cpp_pubsub/bin'
[23.459s] Level 1:colcon.colcon_core.environment:checking '/home/yurs/ros2_ws/install/cpp_pubsub/lib/pkgconfig/cpp_pubsub.pc'
[23.459s] Level 1:colcon.colcon_core.environment:checking '/home/yurs/ros2_ws/install/cpp_pubsub/lib/python3.10/site-packages'
[23.459s] Level 1:colcon.colcon_core.environment:checking '/home/yurs/ros2_ws/install/cpp_pubsub/bin'
[23.465s] INFO:colcon.colcon_core.shell:Creating package script '/home/yurs/ros2_ws/install/cpp_pubsub/share/cpp_pubsub/package.ps1'
[23.465s] INFO:colcon.colcon_core.shell:Creating package descriptor '/home/yurs/ros2_ws/install/cpp_pubsub/share/cpp_pubsub/package.dsv'
[23.465s] INFO:colcon.colcon_core.shell:Creating package script '/home/yurs/ros2_ws/install/cpp_pubsub/share/cpp_pubsub/package.sh'
[23.465s] INFO:colcon.colcon_core.shell:Creating package script '/home/yurs/ros2_ws/install/cpp_pubsub/share/cpp_pubsub/package.bash'
[23.466s] INFO:colcon.colcon_core.shell:Creating package script '/home/yurs/ros2_ws/install/cpp_pubsub/share/cpp_pubsub/package.zsh'
[23.466s] Level 1:colcon.colcon_core.environment:create_file_with_runtime_dependencies(/home/yurs/ros2_ws/install/cpp_pubsub/share/colcon-core/packages/cpp_pubsub)
[23.491s] Level 1:colcon.colcon_core.environment:create_environment_scripts_only(cpp_pubsub)
[23.497s] Level 1:colcon.colcon_core.environment:checking '/home/yurs/ros2_ws/install/cpp_pubsub' for CMake module files
[23.498s] Level 1:colcon.colcon_core.environment:checking '/home/yurs/ros2_ws/install/cpp_pubsub' for CMake config files
[23.498s] Level 1:colcon.colcon_core.shell:create_environment_hook('cpp_pubsub', 'cmake_prefix_path')
[23.505s] INFO:colcon.colcon_core.shell:Creating environment hook '/home/yurs/ros2_ws/install/cpp_pubsub/share/cpp_pubsub/hook/cmake_prefix_path.ps1'
[23.505s] INFO:colcon.colcon_core.shell:Creating environment descriptor '/home/yurs/ros2_ws/install/cpp_pubsub/share/cpp_pubsub/hook/cmake_prefix_path.dsv'
[23.505s] INFO:colcon.colcon_core.shell:Creating environment hook '/home/yurs/ros2_ws/install/cpp_pubsub/share/cpp_pubsub/hook/cmake_prefix_path.sh'
[23.506s] Level 1:colcon.colcon_core.environment:checking '/home/yurs/ros2_ws/install/cpp_pubsub/lib'
[23.506s] Level 1:colcon.colcon_core.environment:checking '/home/yurs/ros2_ws/install/cpp_pubsub/bin'
[23.506s] Level 1:colcon.colcon_core.environment:checking '/home/yurs/ros2_ws/install/cpp_pubsub/lib/pkgconfig/cpp_pubsub.pc'
[23.506s] Level 1:colcon.colcon_core.environment:checking '/home/yurs/ros2_ws/install/cpp_pubsub/lib/python3.10/site-packages'
[23.506s] Level 1:colcon.colcon_core.environment:checking '/home/yurs/ros2_ws/install/cpp_pubsub/bin'
[23.512s] INFO:colcon.colcon_core.shell:Creating package script '/home/yurs/ros2_ws/install/cpp_pubsub/share/cpp_pubsub/package.ps1'
[23.513s] INFO:colcon.colcon_core.shell:Creating package descriptor '/home/yurs/ros2_ws/install/cpp_pubsub/share/cpp_pubsub/package.dsv'
[23.513s] INFO:colcon.colcon_core.shell:Creating package script '/home/yurs/ros2_ws/install/cpp_pubsub/share/cpp_pubsub/package.sh'
[23.513s] INFO:colcon.colcon_core.shell:Creating package script '/home/yurs/ros2_ws/install/cpp_pubsub/share/cpp_pubsub/package.bash'
[23.514s] INFO:colcon.colcon_core.shell:Creating package script '/home/yurs/ros2_ws/install/cpp_pubsub/share/cpp_pubsub/package.zsh'
[23.514s] Level 1:colcon.colcon_core.environment:create_file_with_runtime_dependencies(/home/yurs/ros2_ws/install/cpp_pubsub/share/colcon-core/packages/cpp_pubsub)
[23.514s] DEBUG:colcon.colcon_parallel_executor.executor.parallel:closing loop
[23.514s] DEBUG:colcon.colcon_parallel_executor.executor.parallel:loop closed
[23.514s] DEBUG:colcon.colcon_parallel_executor.executor.parallel:run_until_complete finished with '0'
[23.514s] DEBUG:colcon.colcon_core.event_reactor:joining thread
[23.524s] INFO:colcon.colcon_core.plugin_system:Skipping extension 'colcon_notification.desktop_notification.notify_send': Could not find 'notify-send'
[23.525s] INFO:colcon.colcon_core.plugin_system:Skipping extension 'colcon_notification.desktop_notification.terminal_notifier': Not used on non-Darwin systems
[23.525s] INFO:colcon.colcon_core.plugin_system:Skipping extension 'colcon_notification.desktop_notification.win32': Not used on non-Windows systems
[23.525s] INFO:colcon.colcon_notification.desktop_notification:Sending desktop notification using 'notify2'
[23.527s] DEBUG:colcon.colcon_notification.desktop_notification.notify2:Failed to initialize notify2: org.freedesktop.DBus.Error.Spawn.ExecFailed: /usr/bin/dbus-launch terminated abnormally without any error message
[23.527s] DEBUG:colcon.colcon_core.event_reactor:joined thread
[23.535s] INFO:colcon.colcon_core.shell:Creating prefix script '/home/yurs/ros2_ws/install/local_setup.ps1'
[23.536s] INFO:colcon.colcon_core.shell:Creating prefix util module '/home/yurs/ros2_ws/install/_local_setup_util_ps1.py'
[23.537s] INFO:colcon.colcon_core.shell:Creating prefix chain script '/home/yurs/ros2_ws/install/setup.ps1'
[23.544s] INFO:colcon.colcon_core.shell:Creating prefix script '/home/yurs/ros2_ws/install/local_setup.sh'
[23.545s] INFO:colcon.colcon_core.shell:Creating prefix util module '/home/yurs/ros2_ws/install/_local_setup_util_sh.py'
[23.545s] INFO:colcon.colcon_core.shell:Creating prefix chain script '/home/yurs/ros2_ws/install/setup.sh'
[23.551s] INFO:colcon.colcon_core.shell:Creating prefix script '/home/yurs/ros2_ws/install/local_setup.bash'
[23.552s] INFO:colcon.colcon_core.shell:Creating prefix chain script '/home/yurs/ros2_ws/install/setup.bash'
[23.558s] INFO:colcon.colcon_core.shell:Creating prefix script '/home/yurs/ros2_ws/install/local_setup.zsh'
[23.559s] INFO:colcon.colcon_core.shell:Creating prefix chain script '/home/yurs/ros2_ws/install/setup.zsh'
