[0.031s] Invoking command in '/home/yurs/ros2_ws/build/my_package': CMAKE_PREFIX_PATH=${CMAKE_PREFIX_PATH}:/opt/ros/humble /usr/bin/cmake --build /home/yurs/ros2_ws/build/my_package -- -j8 -l8
[0.066s] [100%] Built target my_node
[0.073s] Invoked command in '/home/yurs/ros2_ws/build/my_package' returned '0': CMAKE_PREFIX_PATH=${CMAKE_PREFIX_PATH}:/opt/ros/humble /usr/bin/cmake --build /home/yurs/ros2_ws/build/my_package -- -j8 -l8
[0.098s] Invoking command in '/home/yurs/ros2_ws/build/my_package': CMAKE_PREFIX_PATH=${CMAKE_PREFIX_PATH}:/opt/ros/humble /usr/bin/cmake --install /home/yurs/ros2_ws/build/my_package
[0.104s] -- Install configuration: ""
[0.104s] -- Up-to-date: /home/yurs/ros2_ws/install/my_package/lib/my_package/my_node
[0.104s] -- Up-to-date: /home/yurs/ros2_ws/install/my_package/share/ament_index/resource_index/package_run_dependencies/my_package
[0.104s] -- Up-to-date: /home/yurs/ros2_ws/install/my_package/share/ament_index/resource_index/parent_prefix_path/my_package
[0.104s] -- Up-to-date: /home/yurs/ros2_ws/install/my_package/share/my_package/environment/ament_prefix_path.sh
[0.104s] -- Up-to-date: /home/yurs/ros2_ws/install/my_package/share/my_package/environment/ament_prefix_path.dsv
[0.104s] -- Up-to-date: /home/yurs/ros2_ws/install/my_package/share/my_package/environment/path.sh
[0.105s] -- Up-to-date: /home/yurs/ros2_ws/install/my_package/share/my_package/environment/path.dsv
[0.105s] -- Up-to-date: /home/yurs/ros2_ws/install/my_package/share/my_package/local_setup.bash
[0.105s] -- Up-to-date: /home/yurs/ros2_ws/install/my_package/share/my_package/local_setup.sh
[0.105s] -- Up-to-date: /home/yurs/ros2_ws/install/my_package/share/my_package/local_setup.zsh
[0.105s] -- Up-to-date: /home/yurs/ros2_ws/install/my_package/share/my_package/local_setup.dsv
[0.105s] -- Installing: /home/yurs/ros2_ws/install/my_package/share/my_package/package.dsv
[0.105s] -- Up-to-date: /home/yurs/ros2_ws/install/my_package/share/ament_index/resource_index/packages/my_package
[0.105s] -- Up-to-date: /home/yurs/ros2_ws/install/my_package/share/my_package/cmake/my_packageConfig.cmake
[0.105s] -- Up-to-date: /home/yurs/ros2_ws/install/my_package/share/my_package/cmake/my_packageConfig-version.cmake
[0.105s] -- Up-to-date: /home/yurs/ros2_ws/install/my_package/share/my_package/package.xml
[0.107s] Invoked command in '/home/yurs/ros2_ws/build/my_package' returned '0': CMAKE_PREFIX_PATH=${CMAKE_PREFIX_PATH}:/opt/ros/humble /usr/bin/cmake --install /home/yurs/ros2_ws/build/my_package
