[0.025s] Invoking command in '/home/yurs/ros2_ws/build/my_package': CMAKE_PREFIX_PATH=/opt/ros/humble /usr/bin/cmake /home/yurs/ros2_ws/src/my_package -DCMAKE_INSTALL_PREFIX=/home/yurs/ros2_ws/install/my_package
[0.063s] -- The C compiler identification is GNU 11.4.0
[0.101s] -- The CXX compiler identification is GNU 11.4.0
[0.107s] -- Detecting C compiler ABI info
[0.155s] -- Detecting C compiler ABI info - done
[0.160s] -- Check for working C compiler: /usr/bin/cc - skipped
[0.161s] -- Detecting C compile features
[0.161s] -- Detecting C compile features - done
[0.163s] -- Detecting CXX compiler ABI info
[0.218s] -- Detecting CXX compiler ABI info - done
[0.223s] -- Check for working CXX compiler: /usr/bin/c++ - skipped
[0.224s] -- Detecting CXX compile features
[0.224s] -- Detecting CXX compile features - done
[0.226s] -- Found ament_cmake: 1.3.7 (/opt/ros/humble/share/ament_cmake/cmake)
[0.324s] -- Found Python3: /usr/bin/python3.10 (found version "3.10.12") found components: Interpreter 
[0.387s] -- Found ament_lint_auto: 0.12.10 (/opt/ros/humble/share/ament_lint_auto/cmake)
[0.441s] -- Added test 'cppcheck' to perform static code analysis on C / C++ code
[0.441s] -- Configured cppcheck include dirs: $<BUILD_INTERFACE:/home/yurs/ros2_ws/src/my_package/include>
[0.441s] -- Configured cppcheck exclude dirs and/or files: 
[0.441s] -- Added test 'lint_cmake' to check CMake code style
[0.442s] -- Added test 'uncrustify' to check C / C++ code style
[0.442s] -- Configured uncrustify additional arguments: 
[0.442s] -- Added test 'xmllint' to check XML markup files
[0.443s] -- Configuring done
[0.446s] -- Generating done
[0.446s] -- Build files have been written to: /home/yurs/ros2_ws/build/my_package
[0.450s] Invoked command in '/home/yurs/ros2_ws/build/my_package' returned '0': CMAKE_PREFIX_PATH=/opt/ros/humble /usr/bin/cmake /home/yurs/ros2_ws/src/my_package -DCMAKE_INSTALL_PREFIX=/home/yurs/ros2_ws/install/my_package
[0.451s] Invoking command in '/home/yurs/ros2_ws/build/my_package': CMAKE_PREFIX_PATH=/opt/ros/humble /usr/bin/cmake --build /home/yurs/ros2_ws/build/my_package -- -j8 -l8
[0.487s] [ 50%] [32mBuilding CXX object CMakeFiles/my_node.dir/src/my_node.cpp.o[0m
[0.508s] [100%] [32m[1mLinking CXX executable my_node[0m
[0.541s] [100%] Built target my_node
[0.550s] Invoked command in '/home/yurs/ros2_ws/build/my_package' returned '0': CMAKE_PREFIX_PATH=/opt/ros/humble /usr/bin/cmake --build /home/yurs/ros2_ws/build/my_package -- -j8 -l8
[0.574s] Invoking command in '/home/yurs/ros2_ws/build/my_package': CMAKE_PREFIX_PATH=/opt/ros/humble /usr/bin/cmake --install /home/yurs/ros2_ws/build/my_package
[0.579s] -- Install configuration: ""
[0.579s] -- Installing: /home/yurs/ros2_ws/install/my_package/lib/my_package/my_node
[0.579s] -- Installing: /home/yurs/ros2_ws/install/my_package/share/ament_index/resource_index/package_run_dependencies/my_package
[0.580s] -- Installing: /home/yurs/ros2_ws/install/my_package/share/ament_index/resource_index/parent_prefix_path/my_package
[0.580s] -- Installing: /home/yurs/ros2_ws/install/my_package/share/my_package/environment/ament_prefix_path.sh
[0.580s] -- Installing: /home/yurs/ros2_ws/install/my_package/share/my_package/environment/ament_prefix_path.dsv
[0.580s] -- Installing: /home/yurs/ros2_ws/install/my_package/share/my_package/environment/path.sh
[0.580s] -- Installing: /home/yurs/ros2_ws/install/my_package/share/my_package/environment/path.dsv
[0.581s] -- Installing: /home/yurs/ros2_ws/install/my_package/share/my_package/local_setup.bash
[0.581s] -- Installing: /home/yurs/ros2_ws/install/my_package/share/my_package/local_setup.sh
[0.581s] -- Installing: /home/yurs/ros2_ws/install/my_package/share/my_package/local_setup.zsh
[0.581s] -- Installing: /home/yurs/ros2_ws/install/my_package/share/my_package/local_setup.dsv
[0.581s] -- Installing: /home/yurs/ros2_ws/install/my_package/share/my_package/package.dsv
[0.581s] -- Installing: /home/yurs/ros2_ws/install/my_package/share/ament_index/resource_index/packages/my_package
[0.581s] -- Installing: /home/yurs/ros2_ws/install/my_package/share/my_package/cmake/my_packageConfig.cmake
[0.581s] -- Installing: /home/yurs/ros2_ws/install/my_package/share/my_package/cmake/my_packageConfig-version.cmake
[0.581s] -- Installing: /home/yurs/ros2_ws/install/my_package/share/my_package/package.xml
[0.583s] Invoked command in '/home/yurs/ros2_ws/build/my_package' returned '0': CMAKE_PREFIX_PATH=/opt/ros/humble /usr/bin/cmake --install /home/yurs/ros2_ws/build/my_package
