[0.050s] Invoking command in '/home/yurs/ros2_ws/build/cpp_pubsub': CMAKE_PREFIX_PATH=/opt/ros/humble /usr/bin/cmake /home/yurs/ros2_ws/src/cpp_pubsub -DCMAKE_INSTALL_PREFIX=/home/yurs/ros2_ws/install/cpp_pubsub
[0.060s] -- Found ament_cmake: 1.3.7 (/opt/ros/humble/share/ament_cmake/cmake)
[0.108s] -- Found Python3: /usr/bin/python3.10 (found version "3.10.12") found components: Interpreter 
[0.155s] -- Override CMake install command with custom implementation using symlinks instead of copying resources
[0.161s] -- Found rclcpp: 16.0.8 (/opt/ros/humble/share/rclcpp/cmake)
[0.184s] -- Found rosidl_generator_c: 3.1.5 (/opt/ros/humble/share/rosidl_generator_c/cmake)
[0.186s] -- Found rosidl_adapter: 3.1.5 (/opt/ros/humble/share/rosidl_adapter/cmake)
[0.190s] -- Found rosidl_generator_cpp: 3.1.5 (/opt/ros/humble/share/rosidl_generator_cpp/cmake)
[0.198s] -- Using all available rosidl_typesupport_c: rosidl_typesupport_fastrtps_c;rosidl_typesupport_introspection_c
[0.211s] -- Using all available rosidl_typesupport_cpp: rosidl_typesupport_fastrtps_cpp;rosidl_typesupport_introspection_cpp
[0.254s] -- Found rmw_implementation_cmake: 6.1.1 (/opt/ros/humble/share/rmw_implementation_cmake/cmake)
[0.255s] -- Found rmw_fastrtps_cpp: 6.2.6 (/opt/ros/humble/share/rmw_fastrtps_cpp/cmake)
[0.372s] -- Using RMW implementation 'rmw_fastrtps_cpp' as default
[0.501s] [31mCMake Error at CMakeLists.txt:12 (find_package):
[0.501s]   By not providing "Findpinocchio.cmake" in CMAKE_MODULE_PATH this project
[0.501s]   has asked CMake to find a package configuration file provided by
[0.501s]   "pinocchio", but CMake did not find one.
[0.501s] 
[0.501s]   Could not find a package configuration file provided by "pinocchio" with
[0.502s]   any of the following names:
[0.502s] 
[0.502s]     pinocchioConfig.cmake
[0.502s]     pinocchio-config.cmake
[0.502s] 
[0.502s]   Add the installation prefix of "pinocchio" to CMAKE_PREFIX_PATH or set
[0.502s]   "pinocchio_DIR" to a directory containing one of the above files.  If
[0.502s]   "pinocchio" provides a separate development package or SDK, be sure it has
[0.502s]   been installed.
[0.502s] 
[0.502s] [0m
[0.502s] -- Configuring incomplete, errors occurred!
[0.502s] See also "/home/yurs/ros2_ws/build/cpp_pubsub/CMakeFiles/CMakeOutput.log".
[0.505s] Invoked command in '/home/yurs/ros2_ws/build/cpp_pubsub' returned '1': CMAKE_PREFIX_PATH=/opt/ros/humble /usr/bin/cmake /home/yurs/ros2_ws/src/cpp_pubsub -DCMAKE_INSTALL_PREFIX=/home/yurs/ros2_ws/install/cpp_pubsub
