[0.030s] Invoking command in '/home/yurs/ros2_ws/build/cpp_pubsub': CMAKE_PREFIX_PATH=${CMAKE_PREFIX_PATH}:/opt/ros/humble /usr/bin/cmake --build /home/yurs/ros2_ws/build/cpp_pubsub -- -j8 -l8
[0.048s] -- Found ament_cmake: 1.3.7 (/opt/ros/humble/share/ament_cmake/cmake)
[0.089s] -- Found Python3: /usr/bin/python3.10 (found version "3.10.12") found components: Interpreter 
[0.132s] -- Found rclcpp: 16.0.8 (/opt/ros/humble/share/rclcpp/cmake)
[0.151s] -- Found rosidl_generator_c: 3.1.5 (/opt/ros/humble/share/rosidl_generator_c/cmake)
[0.153s] -- Found rosidl_adapter: 3.1.5 (/opt/ros/humble/share/rosidl_adapter/cmake)
[0.157s] -- Found rosidl_generator_cpp: 3.1.5 (/opt/ros/humble/share/rosidl_generator_cpp/cmake)
[0.164s] -- Using all available rosidl_typesupport_c: rosidl_typesupport_fastrtps_c;rosidl_typesupport_introspection_c
[0.174s] -- Using all available rosidl_typesupport_cpp: rosidl_typesupport_fastrtps_cpp;rosidl_typesupport_introspection_cpp
[0.211s] -- Found rmw_implementation_cmake: 6.1.1 (/opt/ros/humble/share/rmw_implementation_cmake/cmake)
[0.212s] -- Found rmw_fastrtps_cpp: 6.2.6 (/opt/ros/humble/share/rmw_fastrtps_cpp/cmake)
[0.307s] -- Using RMW implementation 'rmw_fastrtps_cpp' as default
[0.404s] -- pinocchio FOUND. pinocchio at /opt/ros/humble/lib/x86_64-linux-gnu/libpinocchio.so
[0.405s] -- boost_filesystem FOUND. boost_filesystem at /lib/x86_64-linux-gnu/libboost_filesystem.so
[0.405s] -- boost_serialization FOUND. boost_serialization at /lib/x86_64-linux-gnu/libboost_serialization.so
[0.405s] -- boost_system FOUND. boost_system at /lib/x86_64-linux-gnu/libboost_system.so
[0.411s] -- Found Boost: /usr/include (found version "1.74.0") found components: filesystem serialization system 
[0.412s] -- eigenpy FOUND. eigenpy at /opt/ros/humble/lib/x86_64-linux-gnu/libeigenpy.so
[0.607s] -- Found Python3: /usr/bin/python3.10 (found version "3.10.12") found components: Interpreter Development.Module NumPy 
[0.607s] -- PythonLibraryDirs: 
[0.607s] -- PythonLibVersionString: 3.10.12
[0.625s] -- Python site lib: lib/python3.10/dist-packages
[0.625s] -- Python include dirs: /usr/include/python3.10
[0.647s] -- Checking for NumPy
[0.719s] --   NUMPY_INCLUDE_DIRS=/usr/lib/python3/dist-packages/numpy/core/include
[0.789s] --   NUMPY_VERSION=1.21.5
[0.789s] -- NumPy include dir: /usr/lib/python3/dist-packages/numpy/core/include
[0.792s] [33mCMake Warning at /usr/share/cmake-3.22/Modules/FindBoost.cmake:2201 (message):
[0.792s]   No header defined for python310; skipping header check (note: header-only
[0.792s]   libraries have no designated component)
[0.792s] Call Stack (most recent call first):
[0.792s]   /opt/ros/humble/lib/x86_64-linux-gnu/cmake/eigenpy/boost.cmake:144 (find_package)
[0.792s]   /opt/ros/humble/lib/x86_64-linux-gnu/cmake/eigenpy/eigenpyConfig.cmake:149 (SEARCH_FOR_BOOST_PYTHON)
[0.793s]   /usr/share/cmake-3.22/Modules/CMakeFindDependencyMacro.cmake:47 (find_package)
[0.793s]   /opt/ros/humble/lib/x86_64-linux-gnu/cmake/pinocchio/pinocchioConfig.cmake:160 (find_dependency)
[0.793s]   CMakeLists.txt:12 (find_package)
[0.793s] 
[0.793s] [0m
[0.793s] -- Found Boost: /usr/include (found version "1.74.0") found components: python310 
[0.793s] -- Boost_PYTHON_LIBRARY: /usr/lib/x86_64-linux-gnu/libboost_python310.so
[0.995s] -- Default C++ standard: 201703
[0.995s] -- C++ standard sufficient: Minimal required 11, currently defined: 17
[0.995s] -- CMAKE_CXX_STANDARD was not set: automatically set to currently defined standard 17
[0.996s] -- hpp-fcl FOUND. hpp-fcl at /opt/ros/humble/lib/x86_64-linux-gnu/libhpp-fcl.so
[1.000s] -- Found Boost: /usr/include (found version "1.74.0") found components: chrono serialization 
[1.001s] -- C++ standard sufficient: Minimal required 11, currently defined: 17
[1.001s] -- C++ standard sufficient: Minimal required 11, currently defined: 17
[1.005s] -- Found Boost: /usr/include (found version "1.74.0") found components: python 
[1.018s] -- Configuring incomplete, errors occurred!
[1.018s] See also "/home/yurs/ros2_ws/build/cpp_pubsub/CMakeFiles/CMakeOutput.log".
[1.018s] [31mCMake Error at CMakeLists.txt:15 (find_package):
[1.018s]   By not providing "FindPython310.cmake" in CMAKE_MODULE_PATH this project
[1.019s]   has asked CMake to find a package configuration file provided by
[1.019s]   "Python310", but CMake did not find one.
[1.019s] 
[1.019s]   Could not find a package configuration file provided by "Python310" with
[1.019s]   any of the following names:
[1.019s] 
[1.019s]     Python310Config.cmake
[1.019s]     python310-config.cmake
[1.019s] 
[1.019s]   Add the installation prefix of "Python310" to CMAKE_PREFIX_PATH or set
[1.019s]   "Python310_DIR" to a directory containing one of the above files.  If
[1.019s]   "Python310" provides a separate development package or SDK, be sure it has
[1.019s]   been installed.
[1.019s] 
[1.019s] [0m
[1.023s] gmake: *** [Makefile:308: cmake_check_build_system] Error 1
[1.025s] Invoked command in '/home/yurs/ros2_ws/build/cpp_pubsub' returned '2': CMAKE_PREFIX_PATH=${CMAKE_PREFIX_PATH}:/opt/ros/humble /usr/bin/cmake --build /home/yurs/ros2_ws/build/cpp_pubsub -- -j8 -l8
