[0.027s] Invoking command in '/home/yurs/ros2_ws/build/my_package': CMAKE_PREFIX_PATH=/opt/ros/humble /usr/bin/cmake /home/yurs/ros2_ws/src/my_package -DCMAKE_INSTALL_PREFIX=/home/yurs/ros2_ws/install/my_package
[0.035s] -- Found ament_cmake: 1.3.7 (/opt/ros/humble/share/ament_cmake/cmake)
[0.129s] -- Override CMake install command with custom implementation using symlinks instead of copying resources
[0.138s] -- Found ament_lint_auto: 0.12.10 (/opt/ros/humble/share/ament_lint_auto/cmake)
[0.192s] -- Added test 'cppcheck' to perform static code analysis on C / C++ code
[0.192s] -- Configured cppcheck include dirs: $<BUILD_INTERFACE:/home/yurs/ros2_ws/src/my_package/include>
[0.193s] -- Configured cppcheck exclude dirs and/or files: 
[0.193s] -- Added test 'lint_cmake' to check CMake code style
[0.194s] -- Added test 'uncrustify' to check C / C++ code style
[0.194s] -- Configured uncrustify additional arguments: 
[0.194s] -- Added test 'xmllint' to check XML markup files
[0.195s] -- Configuring done
[0.201s] -- Generating done
[0.202s] -- Build files have been written to: /home/yurs/ros2_ws/build/my_package
[0.205s] Invoked command in '/home/yurs/ros2_ws/build/my_package' returned '0': CMAKE_PREFIX_PATH=/opt/ros/humble /usr/bin/cmake /home/yurs/ros2_ws/src/my_package -DCMAKE_INSTALL_PREFIX=/home/yurs/ros2_ws/install/my_package
[0.208s] Invoking command in '/home/yurs/ros2_ws/build/my_package': CMAKE_PREFIX_PATH=/opt/ros/humble /usr/bin/cmake --build /home/yurs/ros2_ws/build/my_package -- -j8 -l8
[0.235s] [35m[1mConsolidate compiler generated dependencies of target my_node[0m
[0.242s] [ 50%] [32mBuilding CXX object CMakeFiles/my_node.dir/src/my_node.cpp.o[0m
[0.264s] [100%] [32m[1mLinking CXX executable my_node[0m
[0.301s] [100%] Built target my_node
[0.309s] Invoked command in '/home/yurs/ros2_ws/build/my_package' returned '0': CMAKE_PREFIX_PATH=/opt/ros/humble /usr/bin/cmake --build /home/yurs/ros2_ws/build/my_package -- -j8 -l8
[0.333s] Invoking command in '/home/yurs/ros2_ws/build/my_package': CMAKE_PREFIX_PATH=/opt/ros/humble /usr/bin/cmake --install /home/yurs/ros2_ws/build/my_package
[0.338s] -- Install configuration: ""
[0.338s] -- Execute custom install script
[0.338s] -- Up-to-date symlink: /home/yurs/ros2_ws/install/my_package/lib/my_package/my_node
[0.338s] -- Up-to-date symlink: /home/yurs/ros2_ws/install/my_package/share/ament_index/resource_index/package_run_dependencies/my_package
[0.339s] -- Up-to-date symlink: /home/yurs/ros2_ws/install/my_package/share/ament_index/resource_index/parent_prefix_path/my_package
[0.339s] -- Up-to-date symlink: /home/yurs/ros2_ws/install/my_package/share/my_package/environment/ament_prefix_path.sh
[0.339s] -- Up-to-date symlink: /home/yurs/ros2_ws/install/my_package/share/my_package/environment/ament_prefix_path.dsv
[0.339s] -- Up-to-date symlink: /home/yurs/ros2_ws/install/my_package/share/my_package/environment/path.sh
[0.339s] -- Up-to-date symlink: /home/yurs/ros2_ws/install/my_package/share/my_package/environment/path.dsv
[0.339s] -- Up-to-date symlink: /home/yurs/ros2_ws/install/my_package/share/my_package/local_setup.bash
[0.339s] -- Up-to-date symlink: /home/yurs/ros2_ws/install/my_package/share/my_package/local_setup.sh
[0.339s] -- Up-to-date symlink: /home/yurs/ros2_ws/install/my_package/share/my_package/local_setup.zsh
[0.339s] -- Up-to-date symlink: /home/yurs/ros2_ws/install/my_package/share/my_package/local_setup.dsv
[0.339s] -- Symlinking: /home/yurs/ros2_ws/install/my_package/share/my_package/package.dsv
[0.347s] -- Up-to-date symlink: /home/yurs/ros2_ws/install/my_package/share/ament_index/resource_index/packages/my_package
[0.347s] -- Up-to-date symlink: /home/yurs/ros2_ws/install/my_package/share/my_package/cmake/my_packageConfig.cmake
[0.347s] -- Up-to-date symlink: /home/yurs/ros2_ws/install/my_package/share/my_package/cmake/my_packageConfig-version.cmake
[0.348s] -- Up-to-date symlink: /home/yurs/ros2_ws/install/my_package/share/my_package/package.xml
[0.350s] Invoked command in '/home/yurs/ros2_ws/build/my_package' returned '0': CMAKE_PREFIX_PATH=/opt/ros/humble /usr/bin/cmake --install /home/yurs/ros2_ws/build/my_package
