[0.031s] Invoking command in '/home/yurs/ros2_ws/build/my_package': CMAKE_PREFIX_PATH=${CMAKE_PREFIX_PATH}:/opt/ros/humble /usr/bin/cmake /home/yurs/ros2_ws/src/my_package -DAMENT_CMAKE_SYMLINK_INSTALL=1 -DCMAKE_INSTALL_PREFIX=/home/yurs/ros2_ws/install/my_package
[0.040s] -- Found ament_cmake: 1.3.7 (/opt/ros/humble/share/ament_cmake/cmake)
[0.132s] -- Override CMake install command with custom implementation using symlinks instead of copying resources
[0.137s] -- Found ament_lint_auto: 0.12.10 (/opt/ros/humble/share/ament_lint_auto/cmake)
[0.186s] -- Added test 'cppcheck' to perform static code analysis on C / C++ code
[0.187s] -- Configured cppcheck include dirs: $<BUILD_INTERFACE:/home/yurs/ros2_ws/src/my_package/include>
[0.187s] -- Configured cppcheck exclude dirs and/or files: 
[0.187s] -- Added test 'lint_cmake' to check CMake code style
[0.187s] -- Added test 'uncrustify' to check C / C++ code style
[0.187s] -- Configured uncrustify additional arguments: 
[0.187s] -- Added test 'xmllint' to check XML markup files
[0.188s] -- Configuring done
[0.191s] -- Generating done
[0.192s] -- Build files have been written to: /home/yurs/ros2_ws/build/my_package
[0.194s] Invoked command in '/home/yurs/ros2_ws/build/my_package' returned '0': CMAKE_PREFIX_PATH=${CMAKE_PREFIX_PATH}:/opt/ros/humble /usr/bin/cmake /home/yurs/ros2_ws/src/my_package -DAMENT_CMAKE_SYMLINK_INSTALL=1 -DCMAKE_INSTALL_PREFIX=/home/yurs/ros2_ws/install/my_package
[0.195s] Invoking command in '/home/yurs/ros2_ws/build/my_package': CMAKE_PREFIX_PATH=${CMAKE_PREFIX_PATH}:/opt/ros/humble /usr/bin/cmake --build /home/yurs/ros2_ws/build/my_package --clean-first -- -j8 -l8
[0.256s] [ 50%] [32mBuilding CXX object CMakeFiles/my_node.dir/src/my_node.cpp.o[0m
[0.276s] [100%] [32m[1mLinking CXX executable my_node[0m
[0.310s] [100%] Built target my_node
[0.318s] Invoked command in '/home/yurs/ros2_ws/build/my_package' returned '0': CMAKE_PREFIX_PATH=${CMAKE_PREFIX_PATH}:/opt/ros/humble /usr/bin/cmake --build /home/yurs/ros2_ws/build/my_package --clean-first -- -j8 -l8
[0.343s] Invoking command in '/home/yurs/ros2_ws/build/my_package': CMAKE_PREFIX_PATH=${CMAKE_PREFIX_PATH}:/opt/ros/humble /usr/bin/cmake --install /home/yurs/ros2_ws/build/my_package
[0.348s] -- Install configuration: ""
[0.348s] -- Execute custom install script
[0.348s] -- Symlinking: /home/yurs/ros2_ws/install/my_package/lib/my_package/my_node
[0.354s] -- Symlinking: /home/yurs/ros2_ws/install/my_package/share/ament_index/resource_index/package_run_dependencies/my_package
[0.360s] -- Symlinking: /home/yurs/ros2_ws/install/my_package/share/ament_index/resource_index/parent_prefix_path/my_package
[0.367s] -- Symlinking: /home/yurs/ros2_ws/install/my_package/share/my_package/environment/ament_prefix_path.sh
[0.372s] -- Symlinking: /home/yurs/ros2_ws/install/my_package/share/my_package/environment/ament_prefix_path.dsv
[0.379s] -- Symlinking: /home/yurs/ros2_ws/install/my_package/share/my_package/environment/path.sh
[0.386s] -- Symlinking: /home/yurs/ros2_ws/install/my_package/share/my_package/environment/path.dsv
[0.392s] -- Symlinking: /home/yurs/ros2_ws/install/my_package/share/my_package/local_setup.bash
[0.399s] -- Symlinking: /home/yurs/ros2_ws/install/my_package/share/my_package/local_setup.sh
[0.405s] -- Symlinking: /home/yurs/ros2_ws/install/my_package/share/my_package/local_setup.zsh
[0.413s] -- Symlinking: /home/yurs/ros2_ws/install/my_package/share/my_package/local_setup.dsv
[0.420s] -- Symlinking: /home/yurs/ros2_ws/install/my_package/share/my_package/package.dsv
[0.427s] -- Symlinking: /home/yurs/ros2_ws/install/my_package/share/ament_index/resource_index/packages/my_package
[0.433s] -- Symlinking: /home/yurs/ros2_ws/install/my_package/share/my_package/cmake/my_packageConfig.cmake
[0.438s] -- Symlinking: /home/yurs/ros2_ws/install/my_package/share/my_package/cmake/my_packageConfig-version.cmake
[0.444s] -- Symlinking: /home/yurs/ros2_ws/install/my_package/share/my_package/package.xml
[0.452s] Invoked command in '/home/yurs/ros2_ws/build/my_package' returned '0': CMAKE_PREFIX_PATH=${CMAKE_PREFIX_PATH}:/opt/ros/humble /usr/bin/cmake --install /home/yurs/ros2_ws/build/my_package
