[0.035s] Invoking command in '/home/yurs/ros2_ws/build/cpp_pubsub': CMAKE_PREFIX_PATH=${CMAKE_PREFIX_PATH}:/opt/ros/humble /usr/bin/cmake --build /home/yurs/ros2_ws/build/cpp_pubsub -- -j8 -l8
[0.052s] -- Found ament_cmake: 1.3.7 (/opt/ros/humble/share/ament_cmake/cmake)
[0.092s] -- Found Python3: /usr/bin/python3.10 (found version "3.10.12") found components: Interpreter 
[0.136s] -- Found rclcpp: 16.0.8 (/opt/ros/humble/share/rclcpp/cmake)
[0.154s] -- Found rosidl_generator_c: 3.1.5 (/opt/ros/humble/share/rosidl_generator_c/cmake)
[0.156s] -- Found rosidl_adapter: 3.1.5 (/opt/ros/humble/share/rosidl_adapter/cmake)
[0.159s] -- Found rosidl_generator_cpp: 3.1.5 (/opt/ros/humble/share/rosidl_generator_cpp/cmake)
[0.166s] -- Using all available rosidl_typesupport_c: rosidl_typesupport_fastrtps_c;rosidl_typesupport_introspection_c
[0.175s] -- Using all available rosidl_typesupport_cpp: rosidl_typesupport_fastrtps_cpp;rosidl_typesupport_introspection_cpp
[0.210s] -- Found rmw_implementation_cmake: 6.1.1 (/opt/ros/humble/share/rmw_implementation_cmake/cmake)
[0.210s] -- Found rmw_fastrtps_cpp: 6.2.6 (/opt/ros/humble/share/rmw_fastrtps_cpp/cmake)
[0.305s] -- Using RMW implementation 'rmw_fastrtps_cpp' as default
[0.414s] -- pinocchio FOUND. pinocchio at /opt/ros/humble/lib/x86_64-linux-gnu/libpinocchio.so
[0.414s] -- boost_filesystem FOUND. boost_filesystem at /lib/x86_64-linux-gnu/libboost_filesystem.so
[0.414s] -- boost_serialization FOUND. boost_serialization at /lib/x86_64-linux-gnu/libboost_serialization.so
[0.414s] -- boost_system FOUND. boost_system at /lib/x86_64-linux-gnu/libboost_system.so
[0.420s] -- Found Boost: /usr/include (found version "1.74.0") found components: filesystem serialization system 
[0.420s] -- eigenpy FOUND. eigenpy at /opt/ros/humble/lib/x86_64-linux-gnu/libeigenpy.so
[0.599s] -- Found Python3: /usr/bin/python3.10 (found version "3.10.12") found components: Interpreter Development.Module NumPy 
[0.600s] -- PythonLibraryDirs: 
[0.600s] -- PythonLibVersionString: 3.10.12
[0.615s] -- Python site lib: lib/python3.10/dist-packages
[0.615s] -- Python include dirs: /usr/include/python3.10
[0.636s] -- Checking for NumPy
[0.704s] --   NUMPY_INCLUDE_DIRS=/usr/lib/python3/dist-packages/numpy/core/include
[0.771s] --   NUMPY_VERSION=1.21.5
[0.771s] -- NumPy include dir: /usr/lib/python3/dist-packages/numpy/core/include
[0.775s] [33mCMake Warning at /usr/share/cmake-3.22/Modules/FindBoost.cmake:2201 (message):
[0.775s]   No header defined for python310; skipping header check (note: header-only
[0.775s]   libraries have no designated component)
[0.775s] Call Stack (most recent call first):
[0.775s]   /opt/ros/humble/lib/x86_64-linux-gnu/cmake/eigenpy/boost.cmake:144 (find_package)
[0.775s]   /opt/ros/humble/lib/x86_64-linux-gnu/cmake/eigenpy/eigenpyConfig.cmake:149 (SEARCH_FOR_BOOST_PYTHON)
[0.775s]   /usr/share/cmake-3.22/Modules/CMakeFindDependencyMacro.cmake:47 (find_package)
[0.775s]   /opt/ros/humble/lib/x86_64-linux-gnu/cmake/pinocchio/pinocchioConfig.cmake:160 (find_dependency)
[0.775s]   CMakeLists.txt:12 (find_package)
[0.775s] 
[0.775s] [0m
[0.775s] -- Found Boost: /usr/include (found version "1.74.0") found components: python310 
[0.776s] -- Boost_PYTHON_LIBRARY: /usr/lib/x86_64-linux-gnu/libboost_python310.so
[0.982s] -- Default C++ standard: 201703
[0.982s] -- C++ standard sufficient: Minimal required 11, currently defined: 17
[0.982s] -- CMAKE_CXX_STANDARD was not set: automatically set to currently defined standard 17
[0.983s] -- hpp-fcl FOUND. hpp-fcl at /opt/ros/humble/lib/x86_64-linux-gnu/libhpp-fcl.so
[0.989s] -- Found Boost: /usr/include (found version "1.74.0") found components: chrono serialization 
[0.991s] -- C++ standard sufficient: Minimal required 11, currently defined: 17
[0.991s] -- C++ standard sufficient: Minimal required 11, currently defined: 17
[0.992s] -- Found ament_lint_auto: 0.12.10 (/opt/ros/humble/share/ament_lint_auto/cmake)
[1.038s] [31mCMake Error at /opt/ros/humble/share/ament_cmake_target_dependencies/cmake/ament_target_dependencies.cmake:77 (message):
[1.038s]   ament_target_dependencies() the passed package name 'pinocchio:pinocchio'
[1.038s]   was not found before
[1.038s] Call Stack (most recent call first):
[1.038s]   CMakeLists.txt:34 (ament_target_dependencies)
[1.038s] 
[1.038s] [0m
[1.038s] -- Configuring incomplete, errors occurred!
[1.038s] See also "/home/yurs/ros2_ws/build/cpp_pubsub/CMakeFiles/CMakeOutput.log".
[1.045s] gmake: *** [Makefile:308: cmake_check_build_system] Error 1
[1.047s] Invoked command in '/home/yurs/ros2_ws/build/cpp_pubsub' returned '2': CMAKE_PREFIX_PATH=${CMAKE_PREFIX_PATH}:/opt/ros/humble /usr/bin/cmake --build /home/yurs/ros2_ws/build/cpp_pubsub -- -j8 -l8
